2019-06-18 20:59:36,944 [Worker-5: Loading available Gradle versions] INFO  o.e.b.c.i.u.g.PublishedGradleVersions - Gradle version information cache is up-to-date. Trying to read.
2019-06-18 21:00:04,750 [Worker-13: Importing Maven projects] INFO  o.e.m.c.i.l.LifecycleMappingFactory - Using org.eclipse.m2e.jdt.JarLifecycleMapping lifecycle mapping for MavenProject: br.com.senior.furb:furb-basico-server:develop-SNAPSHOT @ C:\Users\f0fp862\Documents\Graduacao\7 Semestre\Dev na pratica\trabalho final\backend\basico-backend\java\server\pom.xml.
2019-06-18 21:00:06,326 [Worker-13: Importing Maven projects] WARN  o.e.m.c.i.embedder.EclipseLogger - Failure to transfer br.com.senior.furb:furb-basico-client:develop-SNAPSHOT/maven-metadata.xml from http://maven.senior.com.br:8081/artifactory/libs-snapshot was cached in the local repository, resolution will not be reattempted until the update interval of snapshots has elapsed or updates are forced. Original error: Could not transfer metadata br.com.senior.furb:furb-basico-client:develop-SNAPSHOT/maven-metadata.xml from/to snapshots (http://maven.senior.com.br:8081/artifactory/libs-snapshot): maven.senior.com.br
2019-06-18 21:00:06,332 [Worker-13: Importing Maven projects] WARN  o.e.m.c.i.embedder.EclipseLogger - Failure to transfer br.com.senior.furb:furb-basico-client:develop-SNAPSHOT/maven-metadata.xml from http://maven.senior.com.br:8081/artifactory/libs-snapshot was cached in the local repository, resolution will not be reattempted until the update interval of snapshots has elapsed or updates are forced. Original error: Could not transfer metadata br.com.senior.furb:furb-basico-client:develop-SNAPSHOT/maven-metadata.xml from/to snapshots (http://maven.senior.com.br:8081/artifactory/libs-snapshot): maven.senior.com.br
2019-06-18 21:00:08,231 [Worker-13: Importing Maven projects] INFO  o.e.m.c.i.embedder.EclipseLogger - Coping files with filtering to temporary directory.
2019-06-18 21:00:08,239 [Worker-13: Importing Maven projects] INFO  o.e.m.c.i.embedder.EclipseLogger - Using 'UTF-8' encoding to copy filtered resources.
2019-06-18 21:00:08,242 [Worker-13: Importing Maven projects] INFO  o.e.m.c.i.embedder.EclipseLogger - Copying 0 resource
2019-06-18 21:00:08,251 [Worker-13: Importing Maven projects] INFO  o.e.m.c.i.embedder.EclipseLogger - No files needs to be copied to output directory. Up to date: C:\Users\f0fp862\Documents\Graduacao\7 Semestre\Dev na pratica\trabalho final\backend\basico-backend\java\server\src-gen\main\java-templates
2019-06-18 21:00:08,251 [Worker-13: Importing Maven projects] INFO  o.e.m.c.i.embedder.EclipseLogger - Source directory: C:\Users\f0fp862\Documents\Graduacao\7 Semestre\Dev na pratica\trabalho final\backend\basico-backend\java\server\src-gen\main\java-templates added.
2019-06-18 21:00:08,628 [Worker-13: Importing Maven projects] INFO  o.e.m.c.i.embedder.EclipseLogger - Source directory: C:\Users\f0fp862\Documents\Graduacao\7 Semestre\Dev na pratica\trabalho final\backend\basico-backend\java\server\src-gen\main\java added.
2019-06-18 21:00:08,628 [Worker-13: Importing Maven projects] INFO  o.e.m.c.i.embedder.EclipseLogger - Source directory: C:\Users\f0fp862\Documents\Graduacao\7 Semestre\Dev na pratica\trabalho final\backend\basico-backend\java\server\src-gen\main\resources added.
2019-06-18 21:00:08,628 [Worker-13: Importing Maven projects] INFO  o.e.m.c.i.embedder.EclipseLogger - Source directory: C:\Users\f0fp862\Documents\Graduacao\7 Semestre\Dev na pratica\trabalho final\backend\basico-backend\java\server\src\main\resources added.
2019-06-18 21:00:08,629 [Worker-13: Importing Maven projects] INFO  o.e.m.c.i.embedder.EclipseLogger - Source directory: C:\Users\f0fp862\Documents\Graduacao\7 Semestre\Dev na pratica\trabalho final\backend\basico-backend\java\server\src\test\resources added.
2019-06-18 21:00:08,783 [Worker-13: Importing Maven projects] INFO  o.e.m.j.i.AbstractJavaProjectConfigurator - Adding source folder /furb-basico-server/src/main/java
2019-06-18 21:00:08,784 [Worker-13: Importing Maven projects] INFO  o.e.m.j.i.AbstractJavaProjectConfigurator - Adding source folder /furb-basico-server/src-gen/main/java-templates
2019-06-18 21:00:08,786 [Worker-13: Importing Maven projects] INFO  o.e.m.j.i.AbstractJavaProjectConfigurator - Adding source folder /furb-basico-server/src-gen/main/java
2019-06-18 21:00:08,788 [Worker-13: Importing Maven projects] INFO  o.e.m.j.i.AbstractJavaProjectConfigurator - Adding source folder /furb-basico-server/src-gen/main/resources
2019-06-18 21:00:08,788 [Worker-13: Importing Maven projects] INFO  o.e.m.j.i.AbstractJavaProjectConfigurator - Adding source folder /furb-basico-server/src/main/resources
2019-06-18 21:00:08,789 [Worker-13: Importing Maven projects] INFO  o.e.m.j.i.AbstractJavaProjectConfigurator - Adding source folder /furb-basico-server/src/test/resources
2019-06-18 21:00:08,789 [Worker-13: Importing Maven projects] INFO  o.e.m.j.i.AbstractJavaProjectConfigurator - Resources folder /furb-basico-server/src/main/resources overlaps with sources folder /furb-basico-server/src/main/resources
2019-06-18 21:00:08,789 [Worker-13: Importing Maven projects] INFO  o.e.m.j.i.AbstractJavaProjectConfigurator - Resources folder /furb-basico-server/src-gen/main/resources overlaps with sources folder /furb-basico-server/src-gen/main/resources
2019-06-18 21:00:08,790 [Worker-13: Importing Maven projects] INFO  o.e.m.j.i.AbstractJavaProjectConfigurator - Resources folder /furb-basico-server/src/main/resources overlaps with sources folder /furb-basico-server/src/main/resources
2019-06-18 21:00:08,790 [Worker-13: Importing Maven projects] INFO  o.e.m.j.i.AbstractJavaProjectConfigurator - Resources folder /furb-basico-server/src/test/resources overlaps with sources folder /furb-basico-server/src/test/resources
2019-06-18 21:00:08,790 [Worker-13: Importing Maven projects] INFO  o.e.m.j.i.AbstractJavaProjectConfigurator - Adding source folder /furb-basico-server/src/test/java
2019-06-18 21:00:08,791 [Worker-13: Importing Maven projects] INFO  o.e.m.j.i.AbstractJavaProjectConfigurator - Resources folder /furb-basico-server/src/test/resources overlaps with sources folder /furb-basico-server/src/test/resources
2019-06-18 21:00:09,546 [Worker-13: Importing Maven projects] INFO  o.e.m.c.i.p.ProjectConfigurationManager - Imported and configured 1 project(s) in 6 sec
2019-06-18 21:00:12,516 [Worker-4: Building workspace] WARN  o.e.m.c.i.embedder.EclipseLogger - Failure to transfer br.com.senior.furb:furb-basico-client:develop-SNAPSHOT/maven-metadata.xml from http://maven.senior.com.br:8081/artifactory/libs-snapshot was cached in the local repository, resolution will not be reattempted until the update interval of snapshots has elapsed or updates are forced. Original error: Could not transfer metadata br.com.senior.furb:furb-basico-client:develop-SNAPSHOT/maven-metadata.xml from/to snapshots (http://maven.senior.com.br:8081/artifactory/libs-snapshot): maven.senior.com.br
2019-06-18 21:00:12,519 [Worker-4: Building workspace] WARN  o.e.m.c.i.embedder.EclipseLogger - Failure to transfer br.com.senior.furb:furb-basico-client:develop-SNAPSHOT/maven-metadata.xml from http://maven.senior.com.br:8081/artifactory/libs-snapshot was cached in the local repository, resolution will not be reattempted until the update interval of snapshots has elapsed or updates are forced. Original error: Could not transfer metadata br.com.senior.furb:furb-basico-client:develop-SNAPSHOT/maven-metadata.xml from/to snapshots (http://maven.senior.com.br:8081/artifactory/libs-snapshot): maven.senior.com.br
2019-06-18 21:00:12,538 [Worker-4: Building workspace] INFO  o.e.m.c.i.embedder.EclipseLogger - Coping files with filtering to temporary directory.
2019-06-18 21:00:12,539 [Worker-4: Building workspace] INFO  o.e.m.c.i.embedder.EclipseLogger - Using 'UTF-8' encoding to copy filtered resources.
2019-06-18 21:00:12,545 [Worker-4: Building workspace] INFO  o.e.m.c.i.embedder.EclipseLogger - Copying 1 resource
2019-06-18 21:00:12,586 [Worker-4: Building workspace] INFO  o.e.m.c.i.embedder.EclipseLogger - No files needs to be copied to output directory. Up to date: C:\Users\f0fp862\Documents\Graduacao\7 Semestre\Dev na pratica\trabalho final\backend\basico-backend\java\server\src-gen\main\java-templates
2019-06-18 21:00:12,586 [Worker-4: Building workspace] INFO  o.e.m.c.i.embedder.EclipseLogger - Source directory: C:\Users\f0fp862\Documents\Graduacao\7 Semestre\Dev na pratica\trabalho final\backend\basico-backend\java\server\src-gen\main\java-templates added.
2019-06-18 21:00:12,590 [Worker-4: Building workspace] INFO  o.e.m.c.i.embedder.EclipseLogger - Source directory: C:\Users\f0fp862\Documents\Graduacao\7 Semestre\Dev na pratica\trabalho final\backend\basico-backend\java\server\src-gen\main\java added.
2019-06-18 21:00:12,590 [Worker-4: Building workspace] INFO  o.e.m.c.i.embedder.EclipseLogger - Source directory: C:\Users\f0fp862\Documents\Graduacao\7 Semestre\Dev na pratica\trabalho final\backend\basico-backend\java\server\src-gen\main\resources added.
2019-06-18 21:00:12,590 [Worker-4: Building workspace] INFO  o.e.m.c.i.embedder.EclipseLogger - Source directory: C:\Users\f0fp862\Documents\Graduacao\7 Semestre\Dev na pratica\trabalho final\backend\basico-backend\java\server\src\main\resources added.
2019-06-18 21:00:12,590 [Worker-4: Building workspace] INFO  o.e.m.c.i.embedder.EclipseLogger - Source directory: C:\Users\f0fp862\Documents\Graduacao\7 Semestre\Dev na pratica\trabalho final\backend\basico-backend\java\server\src\test\resources added.
2019-06-18 21:00:12,601 [Worker-4: Building workspace] INFO  o.e.m.c.i.embedder.EclipseLogger - Using 'UTF-8' encoding to copy filtered resources.
2019-06-18 21:00:12,601 [Worker-4: Building workspace] INFO  o.e.m.c.i.embedder.EclipseLogger - Copying 0 resource
2019-06-18 21:00:12,603 [Worker-4: Building workspace] INFO  o.e.m.c.i.embedder.EclipseLogger - Copying 14 resources
2019-06-18 21:00:12,611 [Worker-4: Building workspace] INFO  o.e.m.c.i.embedder.EclipseLogger - Copying 0 resource
2019-06-18 21:00:12,612 [Worker-4: Building workspace] INFO  o.e.m.c.i.embedder.EclipseLogger - Copying 0 resource
2019-06-18 21:00:12,613 [Worker-4: Building workspace] INFO  o.e.m.c.i.embedder.EclipseLogger - Using 'UTF-8' encoding to copy filtered resources.
2019-06-18 21:00:12,614 [Worker-4: Building workspace] INFO  o.e.m.c.i.embedder.EclipseLogger - Copying 0 resource
2019-06-18 21:00:18,419 [Worker-2: Importing Maven projects] INFO  o.e.m.c.i.l.LifecycleMappingFactory - Using org.eclipse.m2e.jdt.JarLifecycleMapping lifecycle mapping for MavenProject: br.com.senior.furb:furb-basico-impl:develop-SNAPSHOT @ C:\Users\f0fp862\Documents\Graduacao\7 Semestre\Dev na pratica\trabalho final\backend\basico-backend\java\impl\pom.xml.
2019-06-18 21:00:19,497 [Worker-2: Importing Maven projects] WARN  o.e.m.c.i.embedder.EclipseLogger - Failure to transfer br.com.senior.furb:furb-basico-client:develop-SNAPSHOT/maven-metadata.xml from http://maven.senior.com.br:8081/artifactory/libs-snapshot was cached in the local repository, resolution will not be reattempted until the update interval of snapshots has elapsed or updates are forced. Original error: Could not transfer metadata br.com.senior.furb:furb-basico-client:develop-SNAPSHOT/maven-metadata.xml from/to snapshots (http://maven.senior.com.br:8081/artifactory/libs-snapshot): maven.senior.com.br
2019-06-18 21:00:19,499 [Worker-2: Importing Maven projects] WARN  o.e.m.c.i.embedder.EclipseLogger - Failure to transfer br.com.senior.furb:furb-basico-client:develop-SNAPSHOT/maven-metadata.xml from http://maven.senior.com.br:8081/artifactory/libs-snapshot was cached in the local repository, resolution will not be reattempted until the update interval of snapshots has elapsed or updates are forced. Original error: Could not transfer metadata br.com.senior.furb:furb-basico-client:develop-SNAPSHOT/maven-metadata.xml from/to snapshots (http://maven.senior.com.br:8081/artifactory/libs-snapshot): maven.senior.com.br
2019-06-18 21:00:20,315 [Worker-2: Importing Maven projects] INFO  o.e.m.j.i.AbstractJavaProjectConfigurator - Adding source folder /furb-basico-impl/src/main/java
2019-06-18 21:00:20,316 [Worker-2: Importing Maven projects] INFO  o.e.m.j.i.AbstractJavaProjectConfigurator - Adding resource folder /furb-basico-impl/src/main/resources
2019-06-18 21:00:20,316 [Worker-2: Importing Maven projects] INFO  o.e.m.j.i.AbstractJavaProjectConfigurator - Adding source folder /furb-basico-impl/src/test/java
2019-06-18 21:00:20,541 [Worker-2: Importing Maven projects] INFO  o.e.m.c.i.p.ProjectConfigurationManager - Imported and configured 1 project(s) in 2 sec
2019-06-18 21:00:22,464 [Worker-11: Building workspace] WARN  o.e.m.c.i.embedder.EclipseLogger - Failure to transfer br.com.senior.furb:furb-basico-client:develop-SNAPSHOT/maven-metadata.xml from http://maven.senior.com.br:8081/artifactory/libs-snapshot was cached in the local repository, resolution will not be reattempted until the update interval of snapshots has elapsed or updates are forced. Original error: Could not transfer metadata br.com.senior.furb:furb-basico-client:develop-SNAPSHOT/maven-metadata.xml from/to snapshots (http://maven.senior.com.br:8081/artifactory/libs-snapshot): maven.senior.com.br
2019-06-18 21:00:22,467 [Worker-11: Building workspace] WARN  o.e.m.c.i.embedder.EclipseLogger - Failure to transfer br.com.senior.furb:furb-basico-client:develop-SNAPSHOT/maven-metadata.xml from http://maven.senior.com.br:8081/artifactory/libs-snapshot was cached in the local repository, resolution will not be reattempted until the update interval of snapshots has elapsed or updates are forced. Original error: Could not transfer metadata br.com.senior.furb:furb-basico-client:develop-SNAPSHOT/maven-metadata.xml from/to snapshots (http://maven.senior.com.br:8081/artifactory/libs-snapshot): maven.senior.com.br
2019-06-18 21:00:22,504 [Worker-11: Building workspace] INFO  o.e.m.c.i.embedder.EclipseLogger - Using 'UTF-8' encoding to copy filtered resources.
2019-06-18 21:00:22,505 [Worker-11: Building workspace] INFO  o.e.m.c.i.embedder.EclipseLogger - Copying 9 resources
2019-06-18 21:00:22,511 [Worker-11: Building workspace] INFO  o.e.m.c.i.embedder.EclipseLogger - Using 'UTF-8' encoding to copy filtered resources.
2019-06-18 21:00:22,512 [Worker-11: Building workspace] INFO  o.e.m.c.i.embedder.EclipseLogger - skip non existing resourceDirectory C:\Users\f0fp862\Documents\Graduacao\7 Semestre\Dev na pratica\trabalho final\backend\basico-backend\java\impl\src\test\resources
2019-06-18 21:00:30,575 [Worker-1: Importing Maven projects] INFO  o.e.m.c.i.l.LifecycleMappingFactory - Using org.eclipse.m2e.jdt.JarLifecycleMapping lifecycle mapping for MavenProject: br.com.senior.furb:furb-basico-client:develop-SNAPSHOT @ C:\Users\f0fp862\Documents\Graduacao\7 Semestre\Dev na pratica\trabalho final\backend\basico-backend\java\client\pom.xml.
2019-06-18 21:00:31,372 [Worker-1: Importing Maven projects] INFO  o.e.m.c.i.l.LifecycleMappingFactory - Using org.eclipse.m2e.jdt.JarLifecycleMapping lifecycle mapping for MavenProject: br.com.senior.furb:furb-basico-server:develop-SNAPSHOT @ C:\Users\f0fp862\Documents\Graduacao\7 Semestre\Dev na pratica\trabalho final\backend\basico-backend\java\server\pom.xml.
2019-06-18 21:00:31,813 [Worker-1: Importing Maven projects] INFO  o.e.m.c.i.p.WorkspaceClassifierResolverManager - Resolving P/furb-basico-client: br.com.senior.furb:furb-basico-client:develop-SNAPSHOT with classifier  to /furb-basico-client/target/classes
2019-06-18 21:00:31,885 [Worker-1: Importing Maven projects] INFO  o.e.m.c.i.l.LifecycleMappingFactory - Using org.eclipse.m2e.jdt.JarLifecycleMapping lifecycle mapping for MavenProject: br.com.senior.furb:furb-basico-impl:develop-SNAPSHOT @ C:\Users\f0fp862\Documents\Graduacao\7 Semestre\Dev na pratica\trabalho final\backend\basico-backend\java\impl\pom.xml.
2019-06-18 21:00:31,913 [Worker-1: Importing Maven projects] INFO  o.e.m.c.i.p.WorkspaceClassifierResolverManager - Resolving P/furb-basico-server: br.com.senior.furb:furb-basico-server:develop-SNAPSHOT with classifier  to /furb-basico-server/target/classes
2019-06-18 21:00:32,029 [Worker-1: Importing Maven projects] INFO  o.e.m.c.i.p.WorkspaceClassifierResolverManager - Resolving P/furb-basico-client: br.com.senior.furb:furb-basico-client:develop-SNAPSHOT with classifier  to /furb-basico-client/target/classes
2019-06-18 21:00:33,216 [Worker-1: Importing Maven projects] INFO  o.e.m.c.i.embedder.EclipseLogger - Coping files with filtering to temporary directory.
2019-06-18 21:00:33,217 [Worker-1: Importing Maven projects] INFO  o.e.m.c.i.embedder.EclipseLogger - Using 'UTF-8' encoding to copy filtered resources.
2019-06-18 21:00:33,218 [Worker-1: Importing Maven projects] INFO  o.e.m.c.i.embedder.EclipseLogger - Copying 0 resource
2019-06-18 21:00:33,219 [Worker-1: Importing Maven projects] INFO  o.e.m.c.i.embedder.EclipseLogger - No files needs to be copied to output directory. Up to date: C:\Users\f0fp862\Documents\Graduacao\7 Semestre\Dev na pratica\trabalho final\backend\basico-backend\java\client\src-gen\main\java-templates
2019-06-18 21:00:33,220 [Worker-1: Importing Maven projects] INFO  o.e.m.c.i.embedder.EclipseLogger - Source directory: C:\Users\f0fp862\Documents\Graduacao\7 Semestre\Dev na pratica\trabalho final\backend\basico-backend\java\client\src-gen\main\java-templates added.
2019-06-18 21:00:33,223 [Worker-1: Importing Maven projects] INFO  o.e.m.c.i.embedder.EclipseLogger - Source directory: C:\Users\f0fp862\Documents\Graduacao\7 Semestre\Dev na pratica\trabalho final\backend\basico-backend\java\client\src-gen\main\java added.
2019-06-18 21:00:33,224 [Worker-1: Importing Maven projects] INFO  o.e.m.c.i.embedder.EclipseLogger - Source directory: C:\Users\f0fp862\Documents\Graduacao\7 Semestre\Dev na pratica\trabalho final\backend\basico-backend\java\client\src-gen\main\resources added.
2019-06-18 21:00:33,224 [Worker-1: Importing Maven projects] INFO  o.e.m.c.i.embedder.EclipseLogger - Source directory: C:\Users\f0fp862\Documents\Graduacao\7 Semestre\Dev na pratica\trabalho final\backend\basico-backend\java\client\src\main\resources added.
2019-06-18 21:00:33,224 [Worker-1: Importing Maven projects] INFO  o.e.m.c.i.embedder.EclipseLogger - Source directory: C:\Users\f0fp862\Documents\Graduacao\7 Semestre\Dev na pratica\trabalho final\backend\basico-backend\java\client\src\test\resources added.
2019-06-18 21:00:33,227 [Worker-1: Importing Maven projects] INFO  o.e.m.j.i.AbstractJavaProjectConfigurator - Adding source folder /furb-basico-client/src/main/java
2019-06-18 21:00:33,228 [Worker-1: Importing Maven projects] INFO  o.e.m.j.i.AbstractJavaProjectConfigurator - Adding source folder /furb-basico-client/src-gen/main/java-templates
2019-06-18 21:00:33,228 [Worker-1: Importing Maven projects] INFO  o.e.m.j.i.AbstractJavaProjectConfigurator - Adding source folder /furb-basico-client/src-gen/main/java
2019-06-18 21:00:33,229 [Worker-1: Importing Maven projects] INFO  o.e.m.j.i.AbstractJavaProjectConfigurator - Adding source folder /furb-basico-client/src-gen/main/resources
2019-06-18 21:00:33,229 [Worker-1: Importing Maven projects] INFO  o.e.m.j.i.AbstractJavaProjectConfigurator - Adding source folder /furb-basico-client/src/main/resources
2019-06-18 21:00:33,229 [Worker-1: Importing Maven projects] INFO  o.e.m.j.i.AbstractJavaProjectConfigurator - Adding source folder /furb-basico-client/src/test/resources
2019-06-18 21:00:33,230 [Worker-1: Importing Maven projects] INFO  o.e.m.j.i.AbstractJavaProjectConfigurator - Adding source folder /furb-basico-client/src/test/java
2019-06-18 21:00:33,963 [Worker-1: Importing Maven projects] INFO  o.e.m.c.i.p.ProjectConfigurationManager - Imported and configured 1 project(s) in 3 sec
2019-06-18 21:00:35,898 [Worker-14: Building workspace] INFO  o.e.m.c.i.embedder.EclipseLogger - Coping files with filtering to temporary directory.
2019-06-18 21:00:35,898 [Worker-14: Building workspace] INFO  o.e.m.c.i.embedder.EclipseLogger - Using 'UTF-8' encoding to copy filtered resources.
2019-06-18 21:00:35,899 [Worker-14: Building workspace] INFO  o.e.m.c.i.embedder.EclipseLogger - Copying 1 resource
2019-06-18 21:00:35,940 [Worker-14: Building workspace] INFO  o.e.m.c.i.embedder.EclipseLogger - No files needs to be copied to output directory. Up to date: C:\Users\f0fp862\Documents\Graduacao\7 Semestre\Dev na pratica\trabalho final\backend\basico-backend\java\client\src-gen\main\java-templates
2019-06-18 21:00:35,940 [Worker-14: Building workspace] INFO  o.e.m.c.i.embedder.EclipseLogger - Source directory: C:\Users\f0fp862\Documents\Graduacao\7 Semestre\Dev na pratica\trabalho final\backend\basico-backend\java\client\src-gen\main\java-templates added.
2019-06-18 21:00:35,946 [Worker-14: Building workspace] INFO  o.e.m.c.i.embedder.EclipseLogger - Source directory: C:\Users\f0fp862\Documents\Graduacao\7 Semestre\Dev na pratica\trabalho final\backend\basico-backend\java\client\src-gen\main\java added.
2019-06-18 21:00:35,946 [Worker-14: Building workspace] INFO  o.e.m.c.i.embedder.EclipseLogger - Source directory: C:\Users\f0fp862\Documents\Graduacao\7 Semestre\Dev na pratica\trabalho final\backend\basico-backend\java\client\src-gen\main\resources added.
2019-06-18 21:00:35,946 [Worker-14: Building workspace] INFO  o.e.m.c.i.embedder.EclipseLogger - Source directory: C:\Users\f0fp862\Documents\Graduacao\7 Semestre\Dev na pratica\trabalho final\backend\basico-backend\java\client\src\main\resources added.
2019-06-18 21:00:35,946 [Worker-14: Building workspace] INFO  o.e.m.c.i.embedder.EclipseLogger - Source directory: C:\Users\f0fp862\Documents\Graduacao\7 Semestre\Dev na pratica\trabalho final\backend\basico-backend\java\client\src\test\resources added.
2019-06-18 21:00:35,953 [Worker-14: Building workspace] INFO  o.e.m.c.i.embedder.EclipseLogger - Using 'UTF-8' encoding to copy filtered resources.
2019-06-18 21:00:35,954 [Worker-14: Building workspace] INFO  o.e.m.c.i.embedder.EclipseLogger - skip non existing resourceDirectory C:\Users\f0fp862\Documents\Graduacao\7 Semestre\Dev na pratica\trabalho final\backend\basico-backend\java\client\src\main\resources
2019-06-18 21:00:35,954 [Worker-14: Building workspace] INFO  o.e.m.c.i.embedder.EclipseLogger - skip non existing resourceDirectory C:\Users\f0fp862\Documents\Graduacao\7 Semestre\Dev na pratica\trabalho final\backend\basico-backend\java\client\src-gen\main\resources
2019-06-18 21:00:35,954 [Worker-14: Building workspace] INFO  o.e.m.c.i.embedder.EclipseLogger - skip non existing resourceDirectory C:\Users\f0fp862\Documents\Graduacao\7 Semestre\Dev na pratica\trabalho final\backend\basico-backend\java\client\src\main\resources
2019-06-18 21:00:35,954 [Worker-14: Building workspace] INFO  o.e.m.c.i.embedder.EclipseLogger - skip non existing resourceDirectory C:\Users\f0fp862\Documents\Graduacao\7 Semestre\Dev na pratica\trabalho final\backend\basico-backend\java\client\src\test\resources
2019-06-18 21:00:35,955 [Worker-14: Building workspace] INFO  o.e.m.c.i.embedder.EclipseLogger - Using 'UTF-8' encoding to copy filtered resources.
2019-06-18 21:00:35,956 [Worker-14: Building workspace] INFO  o.e.m.c.i.embedder.EclipseLogger - skip non existing resourceDirectory C:\Users\f0fp862\Documents\Graduacao\7 Semestre\Dev na pratica\trabalho final\backend\basico-backend\java\client\src\test\resources
2019-06-18 21:00:37,493 [Worker-14: Building workspace] INFO  o.e.m.c.i.p.WorkspaceClassifierResolverManager - Resolving P/furb-basico-client: br.com.senior.furb:furb-basico-client:develop-SNAPSHOT with classifier  to /furb-basico-client/target/classes
2019-06-18 21:00:37,501 [Worker-14: Building workspace] INFO  o.e.m.c.i.embedder.EclipseLogger - Coping files with filtering to temporary directory.
2019-06-18 21:00:37,501 [Worker-14: Building workspace] INFO  o.e.m.c.i.embedder.EclipseLogger - Using 'UTF-8' encoding to copy filtered resources.
2019-06-18 21:00:37,505 [Worker-14: Building workspace] INFO  o.e.m.c.i.embedder.EclipseLogger - Copying 1 resource
2019-06-18 21:00:37,524 [Worker-14: Building workspace] INFO  o.e.m.c.i.embedder.EclipseLogger - No files needs to be copied to output directory. Up to date: C:\Users\f0fp862\Documents\Graduacao\7 Semestre\Dev na pratica\trabalho final\backend\basico-backend\java\server\src-gen\main\java-templates
2019-06-18 21:00:37,524 [Worker-14: Building workspace] INFO  o.e.m.c.i.embedder.EclipseLogger - Source directory: C:\Users\f0fp862\Documents\Graduacao\7 Semestre\Dev na pratica\trabalho final\backend\basico-backend\java\server\src-gen\main\java-templates added.
2019-06-18 21:00:37,527 [Worker-14: Building workspace] INFO  o.e.m.c.i.embedder.EclipseLogger - Source directory: C:\Users\f0fp862\Documents\Graduacao\7 Semestre\Dev na pratica\trabalho final\backend\basico-backend\java\server\src-gen\main\java added.
2019-06-18 21:00:37,527 [Worker-14: Building workspace] INFO  o.e.m.c.i.embedder.EclipseLogger - Source directory: C:\Users\f0fp862\Documents\Graduacao\7 Semestre\Dev na pratica\trabalho final\backend\basico-backend\java\server\src-gen\main\resources added.
2019-06-18 21:00:37,527 [Worker-14: Building workspace] INFO  o.e.m.c.i.embedder.EclipseLogger - Source directory: C:\Users\f0fp862\Documents\Graduacao\7 Semestre\Dev na pratica\trabalho final\backend\basico-backend\java\server\src\main\resources added.
2019-06-18 21:00:37,527 [Worker-14: Building workspace] INFO  o.e.m.c.i.embedder.EclipseLogger - Source directory: C:\Users\f0fp862\Documents\Graduacao\7 Semestre\Dev na pratica\trabalho final\backend\basico-backend\java\server\src\test\resources added.
2019-06-18 21:00:37,529 [Worker-14: Building workspace] INFO  o.e.m.c.i.embedder.EclipseLogger - Using 'UTF-8' encoding to copy filtered resources.
2019-06-18 21:00:37,532 [Worker-14: Building workspace] INFO  o.e.m.c.i.embedder.EclipseLogger - Copying 0 resource
2019-06-18 21:00:37,539 [Worker-14: Building workspace] INFO  o.e.m.c.i.embedder.EclipseLogger - Copying 14 resources
2019-06-18 21:00:37,600 [Worker-14: Building workspace] INFO  o.e.m.c.i.embedder.EclipseLogger - Copying 0 resource
2019-06-18 21:00:37,600 [Worker-14: Building workspace] INFO  o.e.m.c.i.embedder.EclipseLogger - Copying 0 resource
2019-06-18 21:00:37,601 [Worker-14: Building workspace] INFO  o.e.m.c.i.embedder.EclipseLogger - Using 'UTF-8' encoding to copy filtered resources.
2019-06-18 21:00:37,602 [Worker-14: Building workspace] INFO  o.e.m.c.i.embedder.EclipseLogger - Copying 0 resource
2019-06-18 21:00:38,719 [Worker-14: Building workspace] INFO  o.e.m.c.i.p.WorkspaceClassifierResolverManager - Resolving P/furb-basico-server: br.com.senior.furb:furb-basico-server:develop-SNAPSHOT with classifier  to /furb-basico-server/target/classes
2019-06-18 21:00:38,853 [Worker-14: Building workspace] INFO  o.e.m.c.i.p.WorkspaceClassifierResolverManager - Resolving P/furb-basico-client: br.com.senior.furb:furb-basico-client:develop-SNAPSHOT with classifier  to /furb-basico-client/target/classes
2019-06-18 21:00:38,863 [Worker-14: Building workspace] INFO  o.e.m.c.i.embedder.EclipseLogger - Using 'UTF-8' encoding to copy filtered resources.
2019-06-18 21:00:38,867 [Worker-14: Building workspace] INFO  o.e.m.c.i.embedder.EclipseLogger - Copying 9 resources
2019-06-18 21:00:38,928 [Worker-14: Building workspace] INFO  o.e.m.c.i.embedder.EclipseLogger - Using 'UTF-8' encoding to copy filtered resources.
2019-06-18 21:00:38,928 [Worker-14: Building workspace] INFO  o.e.m.c.i.embedder.EclipseLogger - skip non existing resourceDirectory C:\Users\f0fp862\Documents\Graduacao\7 Semestre\Dev na pratica\trabalho final\backend\basico-backend\java\impl\src\test\resources
2019-06-18 21:00:41,148 [Worker-4: Importing Maven projects] INFO  o.e.m.c.i.l.LifecycleMappingFactory - Using NULL lifecycle mapping for MavenProject: br.com.senior:furb-basico:1.0.0 @ C:\Users\f0fp862\Documents\Graduacao\7 Semestre\Dev na pratica\trabalho final\backend\basico-backend\pom.xml.
2019-06-18 21:00:41,237 [Worker-4: Importing Maven projects] INFO  o.e.m.c.i.p.ProjectConfigurationManager - Imported and configured 1 project(s) in 0 sec
2019-06-18 21:00:47,156 [Worker-7: Building workspace] INFO  o.e.m.c.i.l.LifecycleMappingFactory - Using NULL lifecycle mapping for MavenProject: br.com.senior:furb-basico:1.0.0 @ C:\Users\f0fp862\Documents\Graduacao\7 Semestre\Dev na pratica\trabalho final\backend\basico-backend\pom.xml.
2019-06-18 21:00:47,231 [Worker-7: Building workspace] INFO  o.e.m.c.i.embedder.EclipseLogger - Coping files with filtering to temporary directory.
2019-06-18 21:00:47,231 [Worker-7: Building workspace] INFO  o.e.m.c.i.embedder.EclipseLogger - Using 'UTF-8' encoding to copy filtered resources.
2019-06-18 21:00:47,234 [Worker-7: Building workspace] INFO  o.e.m.c.i.embedder.EclipseLogger - Copying 1 resource
2019-06-18 21:00:47,278 [Worker-7: Building workspace] INFO  o.e.m.c.i.embedder.EclipseLogger - Copied 1 files to output directory: C:\Users\f0fp862\Documents\Graduacao\7 Semestre\Dev na pratica\trabalho final\backend\basico-backend\java\client\src-gen\main\java-templates
2019-06-18 21:00:47,278 [Worker-7: Building workspace] INFO  o.e.m.c.i.embedder.EclipseLogger - Source directory: C:\Users\f0fp862\Documents\Graduacao\7 Semestre\Dev na pratica\trabalho final\backend\basico-backend\java\client\src-gen\main\java-templates added.
2019-06-18 21:00:47,297 [Worker-7: Building workspace] INFO  o.e.m.c.i.embedder.EclipseLogger - Source directory: C:\Users\f0fp862\Documents\Graduacao\7 Semestre\Dev na pratica\trabalho final\backend\basico-backend\java\client\src-gen\main\java added.
2019-06-18 21:00:47,297 [Worker-7: Building workspace] INFO  o.e.m.c.i.embedder.EclipseLogger - Source directory: C:\Users\f0fp862\Documents\Graduacao\7 Semestre\Dev na pratica\trabalho final\backend\basico-backend\java\client\src-gen\main\resources added.
2019-06-18 21:00:47,297 [Worker-7: Building workspace] INFO  o.e.m.c.i.embedder.EclipseLogger - Source directory: C:\Users\f0fp862\Documents\Graduacao\7 Semestre\Dev na pratica\trabalho final\backend\basico-backend\java\client\src\main\resources added.
2019-06-18 21:00:47,297 [Worker-7: Building workspace] INFO  o.e.m.c.i.embedder.EclipseLogger - Source directory: C:\Users\f0fp862\Documents\Graduacao\7 Semestre\Dev na pratica\trabalho final\backend\basico-backend\java\client\src\test\resources added.
2019-06-18 21:00:47,321 [Worker-7: Building workspace] INFO  o.e.m.c.i.embedder.EclipseLogger - Using 'UTF-8' encoding to copy filtered resources.
2019-06-18 21:00:47,322 [Worker-7: Building workspace] INFO  o.e.m.c.i.embedder.EclipseLogger - skip non existing resourceDirectory C:\Users\f0fp862\Documents\Graduacao\7 Semestre\Dev na pratica\trabalho final\backend\basico-backend\java\client\src\main\resources
2019-06-18 21:00:47,322 [Worker-7: Building workspace] INFO  o.e.m.c.i.embedder.EclipseLogger - skip non existing resourceDirectory C:\Users\f0fp862\Documents\Graduacao\7 Semestre\Dev na pratica\trabalho final\backend\basico-backend\java\client\src-gen\main\resources
2019-06-18 21:00:47,322 [Worker-7: Building workspace] INFO  o.e.m.c.i.embedder.EclipseLogger - skip non existing resourceDirectory C:\Users\f0fp862\Documents\Graduacao\7 Semestre\Dev na pratica\trabalho final\backend\basico-backend\java\client\src\main\resources
2019-06-18 21:00:47,322 [Worker-7: Building workspace] INFO  o.e.m.c.i.embedder.EclipseLogger - skip non existing resourceDirectory C:\Users\f0fp862\Documents\Graduacao\7 Semestre\Dev na pratica\trabalho final\backend\basico-backend\java\client\src\test\resources
2019-06-18 21:00:47,323 [Worker-7: Building workspace] INFO  o.e.m.c.i.embedder.EclipseLogger - Using 'UTF-8' encoding to copy filtered resources.
2019-06-18 21:00:47,323 [Worker-7: Building workspace] INFO  o.e.m.c.i.embedder.EclipseLogger - skip non existing resourceDirectory C:\Users\f0fp862\Documents\Graduacao\7 Semestre\Dev na pratica\trabalho final\backend\basico-backend\java\client\src\test\resources
2019-06-18 21:00:47,473 [Worker-7: Building workspace] INFO  o.e.m.c.i.embedder.EclipseLogger - Coping files with filtering to temporary directory.
2019-06-18 21:00:47,473 [Worker-7: Building workspace] INFO  o.e.m.c.i.embedder.EclipseLogger - Using 'UTF-8' encoding to copy filtered resources.
2019-06-18 21:00:47,476 [Worker-7: Building workspace] INFO  o.e.m.c.i.embedder.EclipseLogger - Copying 1 resource
2019-06-18 21:00:47,515 [Worker-7: Building workspace] INFO  o.e.m.c.i.embedder.EclipseLogger - Copied 1 files to output directory: C:\Users\f0fp862\Documents\Graduacao\7 Semestre\Dev na pratica\trabalho final\backend\basico-backend\java\server\src-gen\main\java-templates
2019-06-18 21:00:47,515 [Worker-7: Building workspace] INFO  o.e.m.c.i.embedder.EclipseLogger - Source directory: C:\Users\f0fp862\Documents\Graduacao\7 Semestre\Dev na pratica\trabalho final\backend\basico-backend\java\server\src-gen\main\java-templates added.
2019-06-18 21:00:47,517 [Worker-7: Building workspace] INFO  o.e.m.c.i.embedder.EclipseLogger - Source directory: C:\Users\f0fp862\Documents\Graduacao\7 Semestre\Dev na pratica\trabalho final\backend\basico-backend\java\server\src-gen\main\java added.
2019-06-18 21:00:47,518 [Worker-7: Building workspace] INFO  o.e.m.c.i.embedder.EclipseLogger - Source directory: C:\Users\f0fp862\Documents\Graduacao\7 Semestre\Dev na pratica\trabalho final\backend\basico-backend\java\server\src-gen\main\resources added.
2019-06-18 21:00:47,518 [Worker-7: Building workspace] INFO  o.e.m.c.i.embedder.EclipseLogger - Source directory: C:\Users\f0fp862\Documents\Graduacao\7 Semestre\Dev na pratica\trabalho final\backend\basico-backend\java\server\src\main\resources added.
2019-06-18 21:00:47,518 [Worker-7: Building workspace] INFO  o.e.m.c.i.embedder.EclipseLogger - Source directory: C:\Users\f0fp862\Documents\Graduacao\7 Semestre\Dev na pratica\trabalho final\backend\basico-backend\java\server\src\test\resources added.
2019-06-18 21:00:47,521 [Worker-7: Building workspace] INFO  o.e.m.c.i.embedder.EclipseLogger - Using 'UTF-8' encoding to copy filtered resources.
2019-06-18 21:00:47,521 [Worker-7: Building workspace] INFO  o.e.m.c.i.embedder.EclipseLogger - Copying 0 resource
2019-06-18 21:00:47,529 [Worker-7: Building workspace] INFO  o.e.m.c.i.embedder.EclipseLogger - Copying 14 resources
2019-06-18 21:00:47,539 [Worker-7: Building workspace] INFO  o.e.m.c.i.embedder.EclipseLogger - Copying 0 resource
2019-06-18 21:00:47,540 [Worker-7: Building workspace] INFO  o.e.m.c.i.embedder.EclipseLogger - Copying 0 resource
2019-06-18 21:00:47,541 [Worker-7: Building workspace] INFO  o.e.m.c.i.embedder.EclipseLogger - Using 'UTF-8' encoding to copy filtered resources.
2019-06-18 21:00:47,541 [Worker-7: Building workspace] INFO  o.e.m.c.i.embedder.EclipseLogger - Copying 0 resource
2019-06-18 21:00:56,698 [Worker-0: Updating Maven Project] INFO  o.e.m.c.i.p.ProjectConfigurationManager - Update started
2019-06-18 21:00:57,067 [Worker-0: Updating Maven Project] INFO  o.e.m.c.i.l.LifecycleMappingFactory - Using NULL lifecycle mapping for MavenProject: br.com.senior:furb-basico:1.0.0 @ C:\Users\f0fp862\Documents\Graduacao\7 Semestre\Dev na pratica\trabalho final\backend\basico-backend\pom.xml.
2019-06-18 21:00:57,473 [Worker-0: Updating Maven Project] INFO  o.e.m.c.i.l.LifecycleMappingFactory - Using org.eclipse.m2e.jdt.JarLifecycleMapping lifecycle mapping for MavenProject: br.com.senior.furb:furb-basico-client:develop-SNAPSHOT @ C:\Users\f0fp862\Documents\Graduacao\7 Semestre\Dev na pratica\trabalho final\backend\basico-backend\java\client\pom.xml.
2019-06-18 21:00:58,271 [Worker-0: Updating Maven Project] INFO  o.e.m.c.i.l.LifecycleMappingFactory - Using org.eclipse.m2e.jdt.JarLifecycleMapping lifecycle mapping for MavenProject: br.com.senior.furb:furb-basico-impl:develop-SNAPSHOT @ C:\Users\f0fp862\Documents\Graduacao\7 Semestre\Dev na pratica\trabalho final\backend\basico-backend\java\impl\pom.xml.
2019-06-18 21:00:58,544 [Worker-0: Updating Maven Project] INFO  o.e.m.c.i.p.WorkspaceClassifierResolverManager - Resolving P/furb-basico-server: br.com.senior.furb:furb-basico-server:develop-SNAPSHOT with classifier  to /furb-basico-server/target/classes
2019-06-18 21:00:58,650 [Worker-0: Updating Maven Project] INFO  o.e.m.c.i.p.WorkspaceClassifierResolverManager - Resolving P/furb-basico-client: br.com.senior.furb:furb-basico-client:develop-SNAPSHOT with classifier  to /furb-basico-client/target/classes
2019-06-18 21:00:58,705 [Worker-0: Updating Maven Project] INFO  o.e.m.c.i.l.LifecycleMappingFactory - Using org.eclipse.m2e.jdt.JarLifecycleMapping lifecycle mapping for MavenProject: br.com.senior.furb:furb-basico-server:develop-SNAPSHOT @ C:\Users\f0fp862\Documents\Graduacao\7 Semestre\Dev na pratica\trabalho final\backend\basico-backend\java\server\pom.xml.
2019-06-18 21:00:58,804 [Worker-0: Updating Maven Project] INFO  o.e.m.c.i.p.WorkspaceClassifierResolverManager - Resolving P/furb-basico-client: br.com.senior.furb:furb-basico-client:develop-SNAPSHOT with classifier  to /furb-basico-client/target/classes
2019-06-18 21:00:59,711 [Worker-0: Updating Maven Project] INFO  o.e.m.c.i.embedder.EclipseLogger - Coping files with filtering to temporary directory.
2019-06-18 21:00:59,716 [Worker-0: Updating Maven Project] INFO  o.e.m.c.i.embedder.EclipseLogger - Using 'UTF-8' encoding to copy filtered resources.
2019-06-18 21:00:59,717 [Worker-0: Updating Maven Project] INFO  o.e.m.c.i.embedder.EclipseLogger - Copying 0 resource
2019-06-18 21:00:59,721 [Worker-0: Updating Maven Project] INFO  o.e.m.c.i.embedder.EclipseLogger - No files needs to be copied to output directory. Up to date: C:\Users\f0fp862\Documents\Graduacao\7 Semestre\Dev na pratica\trabalho final\backend\basico-backend\java\client\src-gen\main\java-templates
2019-06-18 21:00:59,721 [Worker-0: Updating Maven Project] INFO  o.e.m.c.i.embedder.EclipseLogger - Source directory: C:\Users\f0fp862\Documents\Graduacao\7 Semestre\Dev na pratica\trabalho final\backend\basico-backend\java\client\src-gen\main\java-templates added.
2019-06-18 21:00:59,944 [Worker-0: Updating Maven Project] INFO  o.e.m.c.i.embedder.EclipseLogger - Source directory: C:\Users\f0fp862\Documents\Graduacao\7 Semestre\Dev na pratica\trabalho final\backend\basico-backend\java\client\src-gen\main\java added.
2019-06-18 21:00:59,944 [Worker-0: Updating Maven Project] INFO  o.e.m.c.i.embedder.EclipseLogger - Source directory: C:\Users\f0fp862\Documents\Graduacao\7 Semestre\Dev na pratica\trabalho final\backend\basico-backend\java\client\src-gen\main\resources added.
2019-06-18 21:00:59,944 [Worker-0: Updating Maven Project] INFO  o.e.m.c.i.embedder.EclipseLogger - Source directory: C:\Users\f0fp862\Documents\Graduacao\7 Semestre\Dev na pratica\trabalho final\backend\basico-backend\java\client\src\main\resources added.
2019-06-18 21:00:59,944 [Worker-0: Updating Maven Project] INFO  o.e.m.c.i.embedder.EclipseLogger - Source directory: C:\Users\f0fp862\Documents\Graduacao\7 Semestre\Dev na pratica\trabalho final\backend\basico-backend\java\client\src\test\resources added.
2019-06-18 21:01:00,040 [Worker-0: Updating Maven Project] INFO  o.e.m.j.i.AbstractJavaProjectConfigurator - Adding source folder /furb-basico-client/src/main/java
2019-06-18 21:01:00,042 [Worker-0: Updating Maven Project] INFO  o.e.m.j.i.AbstractJavaProjectConfigurator - Adding source folder /furb-basico-client/src-gen/main/java-templates
2019-06-18 21:01:00,042 [Worker-0: Updating Maven Project] INFO  o.e.m.j.i.AbstractJavaProjectConfigurator - Adding source folder /furb-basico-client/src-gen/main/java
2019-06-18 21:01:00,043 [Worker-0: Updating Maven Project] INFO  o.e.m.j.i.AbstractJavaProjectConfigurator - Adding source folder /furb-basico-client/src-gen/main/resources
2019-06-18 21:01:00,043 [Worker-0: Updating Maven Project] INFO  o.e.m.j.i.AbstractJavaProjectConfigurator - Adding source folder /furb-basico-client/src/main/resources
2019-06-18 21:01:00,043 [Worker-0: Updating Maven Project] INFO  o.e.m.j.i.AbstractJavaProjectConfigurator - Adding source folder /furb-basico-client/src/test/resources
2019-06-18 21:01:00,044 [Worker-0: Updating Maven Project] INFO  o.e.m.j.i.AbstractJavaProjectConfigurator - Adding source folder /furb-basico-client/src/test/java
2019-06-18 21:01:00,453 [Worker-0: Updating Maven Project] INFO  o.e.m.j.i.AbstractJavaProjectConfigurator - Adding source folder /furb-basico-impl/src/main/java
2019-06-18 21:01:00,453 [Worker-0: Updating Maven Project] INFO  o.e.m.j.i.AbstractJavaProjectConfigurator - Adding resource folder /furb-basico-impl/src/main/resources
2019-06-18 21:01:00,453 [Worker-0: Updating Maven Project] INFO  o.e.m.j.i.AbstractJavaProjectConfigurator - Adding source folder /furb-basico-impl/src/test/java
2019-06-18 21:01:00,858 [Worker-0: Updating Maven Project] INFO  o.e.m.c.i.embedder.EclipseLogger - Coping files with filtering to temporary directory.
2019-06-18 21:01:00,858 [Worker-0: Updating Maven Project] INFO  o.e.m.c.i.embedder.EclipseLogger - Using 'UTF-8' encoding to copy filtered resources.
2019-06-18 21:01:00,859 [Worker-0: Updating Maven Project] INFO  o.e.m.c.i.embedder.EclipseLogger - Copying 0 resource
2019-06-18 21:01:00,861 [Worker-0: Updating Maven Project] INFO  o.e.m.c.i.embedder.EclipseLogger - No files needs to be copied to output directory. Up to date: C:\Users\f0fp862\Documents\Graduacao\7 Semestre\Dev na pratica\trabalho final\backend\basico-backend\java\server\src-gen\main\java-templates
2019-06-18 21:01:00,861 [Worker-0: Updating Maven Project] INFO  o.e.m.c.i.embedder.EclipseLogger - Source directory: C:\Users\f0fp862\Documents\Graduacao\7 Semestre\Dev na pratica\trabalho final\backend\basico-backend\java\server\src-gen\main\java-templates added.
2019-06-18 21:01:00,864 [Worker-0: Updating Maven Project] INFO  o.e.m.c.i.embedder.EclipseLogger - Source directory: C:\Users\f0fp862\Documents\Graduacao\7 Semestre\Dev na pratica\trabalho final\backend\basico-backend\java\server\src-gen\main\java added.
2019-06-18 21:01:00,864 [Worker-0: Updating Maven Project] INFO  o.e.m.c.i.embedder.EclipseLogger - Source directory: C:\Users\f0fp862\Documents\Graduacao\7 Semestre\Dev na pratica\trabalho final\backend\basico-backend\java\server\src-gen\main\resources added.
2019-06-18 21:01:00,864 [Worker-0: Updating Maven Project] INFO  o.e.m.c.i.embedder.EclipseLogger - Source directory: C:\Users\f0fp862\Documents\Graduacao\7 Semestre\Dev na pratica\trabalho final\backend\basico-backend\java\server\src\main\resources added.
2019-06-18 21:01:00,864 [Worker-0: Updating Maven Project] INFO  o.e.m.c.i.embedder.EclipseLogger - Source directory: C:\Users\f0fp862\Documents\Graduacao\7 Semestre\Dev na pratica\trabalho final\backend\basico-backend\java\server\src\test\resources added.
2019-06-18 21:01:00,874 [Worker-0: Updating Maven Project] INFO  o.e.m.j.i.AbstractJavaProjectConfigurator - Adding source folder /furb-basico-server/src/main/java
2019-06-18 21:01:00,874 [Worker-0: Updating Maven Project] INFO  o.e.m.j.i.AbstractJavaProjectConfigurator - Adding source folder /furb-basico-server/src-gen/main/java-templates
2019-06-18 21:01:00,875 [Worker-0: Updating Maven Project] INFO  o.e.m.j.i.AbstractJavaProjectConfigurator - Adding source folder /furb-basico-server/src-gen/main/java
2019-06-18 21:01:00,875 [Worker-0: Updating Maven Project] INFO  o.e.m.j.i.AbstractJavaProjectConfigurator - Adding source folder /furb-basico-server/src-gen/main/resources
2019-06-18 21:01:00,875 [Worker-0: Updating Maven Project] INFO  o.e.m.j.i.AbstractJavaProjectConfigurator - Adding source folder /furb-basico-server/src/main/resources
2019-06-18 21:01:00,876 [Worker-0: Updating Maven Project] INFO  o.e.m.j.i.AbstractJavaProjectConfigurator - Adding source folder /furb-basico-server/src/test/resources
2019-06-18 21:01:00,876 [Worker-0: Updating Maven Project] INFO  o.e.m.j.i.AbstractJavaProjectConfigurator - Resources folder /furb-basico-server/src/main/resources overlaps with sources folder /furb-basico-server/src/main/resources
2019-06-18 21:01:00,877 [Worker-0: Updating Maven Project] INFO  o.e.m.j.i.AbstractJavaProjectConfigurator - Resources folder /furb-basico-server/src-gen/main/resources overlaps with sources folder /furb-basico-server/src-gen/main/resources
2019-06-18 21:01:00,877 [Worker-0: Updating Maven Project] INFO  o.e.m.j.i.AbstractJavaProjectConfigurator - Resources folder /furb-basico-server/src/main/resources overlaps with sources folder /furb-basico-server/src/main/resources
2019-06-18 21:01:00,877 [Worker-0: Updating Maven Project] INFO  o.e.m.j.i.AbstractJavaProjectConfigurator - Resources folder /furb-basico-server/src/test/resources overlaps with sources folder /furb-basico-server/src/test/resources
2019-06-18 21:01:00,878 [Worker-0: Updating Maven Project] INFO  o.e.m.j.i.AbstractJavaProjectConfigurator - Adding source folder /furb-basico-server/src/test/java
2019-06-18 21:01:00,878 [Worker-0: Updating Maven Project] INFO  o.e.m.j.i.AbstractJavaProjectConfigurator - Resources folder /furb-basico-server/src/test/resources overlaps with sources folder /furb-basico-server/src/test/resources
2019-06-18 21:01:02,342 [Worker-0: Updating Maven Project] INFO  o.e.m.c.i.l.LifecycleMappingFactory - Using org.eclipse.m2e.jdt.JarLifecycleMapping lifecycle mapping for MavenProject: br.com.senior.furb:furb-basico-impl:develop-SNAPSHOT @ C:\Users\f0fp862\Documents\Graduacao\7 Semestre\Dev na pratica\trabalho final\backend\basico-backend\java\impl\pom.xml.
2019-06-18 21:01:02,349 [Worker-0: Updating Maven Project] INFO  o.e.m.c.i.p.WorkspaceClassifierResolverManager - Resolving P/furb-basico-server: br.com.senior.furb:furb-basico-server:develop-SNAPSHOT with classifier  to /furb-basico-server/target/classes
2019-06-18 21:01:02,715 [Worker-0: Updating Maven Project] INFO  o.e.m.c.i.e.AbstractTransferListenerAdapter - Downloaded http://maven.senior.com.br:8081/artifactory/libs-snapshot/br/com/senior/furb/furb-basico-client/develop-SNAPSHOT/maven-metadata.xml
2019-06-18 21:01:02,717 [Worker-0: Updating Maven Project] WARN  o.e.m.c.i.embedder.EclipseLogger - Could not transfer metadata br.com.senior.furb:furb-basico-client:develop-SNAPSHOT/maven-metadata.xml from/to snapshots (http://maven.senior.com.br:8081/artifactory/libs-snapshot): maven.senior.com.br
2019-06-18 21:01:02,729 [Worker-0: Updating Maven Project] INFO  o.e.m.c.i.e.AbstractTransferListenerAdapter - Downloaded http://maven.senior.com.br:8081/artifactory/libs-snapshot/br/com/senior/furb/furb-basico-client/develop-SNAPSHOT/furb-basico-client-develop-SNAPSHOT.jar
2019-06-18 21:01:02,786 [Worker-0: Updating Maven Project] INFO  o.e.m.c.i.l.LifecycleMappingFactory - Using org.eclipse.m2e.jdt.JarLifecycleMapping lifecycle mapping for MavenProject: br.com.senior.furb:furb-basico-server:develop-SNAPSHOT @ C:\Users\f0fp862\Documents\Graduacao\7 Semestre\Dev na pratica\trabalho final\backend\basico-backend\java\server\pom.xml.
2019-06-18 21:01:04,527 [Worker-0: Updating Maven Project] INFO  o.e.m.c.i.p.ProjectConfigurationManager - Update completed: 7 sec
2019-06-18 21:01:05,730 [Worker-12: Building workspace] INFO  o.e.m.c.i.l.LifecycleMappingFactory - Using NULL lifecycle mapping for MavenProject: br.com.senior:furb-basico:1.0.0 @ C:\Users\f0fp862\Documents\Graduacao\7 Semestre\Dev na pratica\trabalho final\backend\basico-backend\pom.xml.
2019-06-18 21:01:06,094 [Worker-12: Building workspace] INFO  o.e.m.c.i.l.LifecycleMappingFactory - Using org.eclipse.m2e.jdt.JarLifecycleMapping lifecycle mapping for MavenProject: br.com.senior.furb:furb-basico-client:develop-SNAPSHOT @ C:\Users\f0fp862\Documents\Graduacao\7 Semestre\Dev na pratica\trabalho final\backend\basico-backend\java\client\pom.xml.
2019-06-18 21:01:06,956 [Worker-12: Building workspace] INFO  o.e.m.c.i.l.LifecycleMappingFactory - Using org.eclipse.m2e.jdt.JarLifecycleMapping lifecycle mapping for MavenProject: br.com.senior.furb:furb-basico-impl:develop-SNAPSHOT @ C:\Users\f0fp862\Documents\Graduacao\7 Semestre\Dev na pratica\trabalho final\backend\basico-backend\java\impl\pom.xml.
2019-06-18 21:01:07,250 [Worker-12: Building workspace] INFO  o.e.m.c.i.p.WorkspaceClassifierResolverManager - Resolving P/furb-basico-server: br.com.senior.furb:furb-basico-server:develop-SNAPSHOT with classifier  to /furb-basico-server/target/classes
2019-06-18 21:01:07,397 [Worker-12: Building workspace] INFO  o.e.m.c.i.p.WorkspaceClassifierResolverManager - Resolving P/furb-basico-client: br.com.senior.furb:furb-basico-client:develop-SNAPSHOT with classifier  to /furb-basico-client/target/classes
2019-06-18 21:01:07,468 [Worker-12: Building workspace] INFO  o.e.m.c.i.l.LifecycleMappingFactory - Using org.eclipse.m2e.jdt.JarLifecycleMapping lifecycle mapping for MavenProject: br.com.senior.furb:furb-basico-server:develop-SNAPSHOT @ C:\Users\f0fp862\Documents\Graduacao\7 Semestre\Dev na pratica\trabalho final\backend\basico-backend\java\server\pom.xml.
2019-06-18 21:01:07,580 [Worker-12: Building workspace] INFO  o.e.m.c.i.p.WorkspaceClassifierResolverManager - Resolving P/furb-basico-client: br.com.senior.furb:furb-basico-client:develop-SNAPSHOT with classifier  to /furb-basico-client/target/classes
2019-06-18 21:01:08,562 [Worker-12: Building workspace] INFO  o.e.m.c.i.embedder.EclipseLogger - Coping files with filtering to temporary directory.
2019-06-18 21:01:08,563 [Worker-12: Building workspace] INFO  o.e.m.c.i.embedder.EclipseLogger - Using 'UTF-8' encoding to copy filtered resources.
2019-06-18 21:01:08,564 [Worker-12: Building workspace] INFO  o.e.m.c.i.embedder.EclipseLogger - Copying 1 resource
2019-06-18 21:01:08,614 [Worker-12: Building workspace] INFO  o.e.m.c.i.embedder.EclipseLogger - Copied 1 files to output directory: C:\Users\f0fp862\Documents\Graduacao\7 Semestre\Dev na pratica\trabalho final\backend\basico-backend\java\client\src-gen\main\java-templates
2019-06-18 21:01:08,614 [Worker-12: Building workspace] INFO  o.e.m.c.i.embedder.EclipseLogger - Source directory: C:\Users\f0fp862\Documents\Graduacao\7 Semestre\Dev na pratica\trabalho final\backend\basico-backend\java\client\src-gen\main\java-templates added.
2019-06-18 21:01:08,617 [Worker-12: Building workspace] INFO  o.e.m.c.i.embedder.EclipseLogger - Source directory: C:\Users\f0fp862\Documents\Graduacao\7 Semestre\Dev na pratica\trabalho final\backend\basico-backend\java\client\src-gen\main\java added.
2019-06-18 21:01:08,617 [Worker-12: Building workspace] INFO  o.e.m.c.i.embedder.EclipseLogger - Source directory: C:\Users\f0fp862\Documents\Graduacao\7 Semestre\Dev na pratica\trabalho final\backend\basico-backend\java\client\src-gen\main\resources added.
2019-06-18 21:01:08,617 [Worker-12: Building workspace] INFO  o.e.m.c.i.embedder.EclipseLogger - Source directory: C:\Users\f0fp862\Documents\Graduacao\7 Semestre\Dev na pratica\trabalho final\backend\basico-backend\java\client\src\main\resources added.
2019-06-18 21:01:08,617 [Worker-12: Building workspace] INFO  o.e.m.c.i.embedder.EclipseLogger - Source directory: C:\Users\f0fp862\Documents\Graduacao\7 Semestre\Dev na pratica\trabalho final\backend\basico-backend\java\client\src\test\resources added.
2019-06-18 21:01:08,632 [Worker-12: Building workspace] INFO  o.e.m.c.i.embedder.EclipseLogger - Using 'UTF-8' encoding to copy filtered resources.
2019-06-18 21:01:08,633 [Worker-12: Building workspace] INFO  o.e.m.c.i.embedder.EclipseLogger - skip non existing resourceDirectory C:\Users\f0fp862\Documents\Graduacao\7 Semestre\Dev na pratica\trabalho final\backend\basico-backend\java\client\src\main\resources
2019-06-18 21:01:08,633 [Worker-12: Building workspace] INFO  o.e.m.c.i.embedder.EclipseLogger - skip non existing resourceDirectory C:\Users\f0fp862\Documents\Graduacao\7 Semestre\Dev na pratica\trabalho final\backend\basico-backend\java\client\src-gen\main\resources
2019-06-18 21:01:08,633 [Worker-12: Building workspace] INFO  o.e.m.c.i.embedder.EclipseLogger - skip non existing resourceDirectory C:\Users\f0fp862\Documents\Graduacao\7 Semestre\Dev na pratica\trabalho final\backend\basico-backend\java\client\src\main\resources
2019-06-18 21:01:08,633 [Worker-12: Building workspace] INFO  o.e.m.c.i.embedder.EclipseLogger - skip non existing resourceDirectory C:\Users\f0fp862\Documents\Graduacao\7 Semestre\Dev na pratica\trabalho final\backend\basico-backend\java\client\src\test\resources
2019-06-18 21:01:08,637 [Worker-12: Building workspace] INFO  o.e.m.c.i.embedder.EclipseLogger - Using 'UTF-8' encoding to copy filtered resources.
2019-06-18 21:01:08,637 [Worker-12: Building workspace] INFO  o.e.m.c.i.embedder.EclipseLogger - skip non existing resourceDirectory C:\Users\f0fp862\Documents\Graduacao\7 Semestre\Dev na pratica\trabalho final\backend\basico-backend\java\client\src\test\resources
2019-06-18 21:01:09,928 [Worker-12: Building workspace] INFO  o.e.m.c.i.p.WorkspaceClassifierResolverManager - Resolving P/furb-basico-client: br.com.senior.furb:furb-basico-client:develop-SNAPSHOT with classifier  to /furb-basico-client/target/classes
2019-06-18 21:01:09,937 [Worker-12: Building workspace] INFO  o.e.m.c.i.embedder.EclipseLogger - Coping files with filtering to temporary directory.
2019-06-18 21:01:09,937 [Worker-12: Building workspace] INFO  o.e.m.c.i.embedder.EclipseLogger - Using 'UTF-8' encoding to copy filtered resources.
2019-06-18 21:01:09,938 [Worker-12: Building workspace] INFO  o.e.m.c.i.embedder.EclipseLogger - Copying 1 resource
2019-06-18 21:01:09,977 [Worker-12: Building workspace] INFO  o.e.m.c.i.embedder.EclipseLogger - Copied 1 files to output directory: C:\Users\f0fp862\Documents\Graduacao\7 Semestre\Dev na pratica\trabalho final\backend\basico-backend\java\server\src-gen\main\java-templates
2019-06-18 21:01:09,977 [Worker-12: Building workspace] INFO  o.e.m.c.i.embedder.EclipseLogger - Source directory: C:\Users\f0fp862\Documents\Graduacao\7 Semestre\Dev na pratica\trabalho final\backend\basico-backend\java\server\src-gen\main\java-templates added.
2019-06-18 21:01:09,980 [Worker-12: Building workspace] INFO  o.e.m.c.i.embedder.EclipseLogger - Source directory: C:\Users\f0fp862\Documents\Graduacao\7 Semestre\Dev na pratica\trabalho final\backend\basico-backend\java\server\src-gen\main\java added.
2019-06-18 21:01:09,980 [Worker-12: Building workspace] INFO  o.e.m.c.i.embedder.EclipseLogger - Source directory: C:\Users\f0fp862\Documents\Graduacao\7 Semestre\Dev na pratica\trabalho final\backend\basico-backend\java\server\src-gen\main\resources added.
2019-06-18 21:01:09,980 [Worker-12: Building workspace] INFO  o.e.m.c.i.embedder.EclipseLogger - Source directory: C:\Users\f0fp862\Documents\Graduacao\7 Semestre\Dev na pratica\trabalho final\backend\basico-backend\java\server\src\main\resources added.
2019-06-18 21:01:09,980 [Worker-12: Building workspace] INFO  o.e.m.c.i.embedder.EclipseLogger - Source directory: C:\Users\f0fp862\Documents\Graduacao\7 Semestre\Dev na pratica\trabalho final\backend\basico-backend\java\server\src\test\resources added.
2019-06-18 21:01:09,983 [Worker-12: Building workspace] INFO  o.e.m.c.i.embedder.EclipseLogger - Using 'UTF-8' encoding to copy filtered resources.
2019-06-18 21:01:09,984 [Worker-12: Building workspace] INFO  o.e.m.c.i.embedder.EclipseLogger - Copying 0 resource
2019-06-18 21:01:09,984 [Worker-12: Building workspace] INFO  o.e.m.c.i.embedder.EclipseLogger - Copying 14 resources
2019-06-18 21:01:10,076 [Worker-12: Building workspace] INFO  o.e.m.c.i.embedder.EclipseLogger - Copying 0 resource
2019-06-18 21:01:10,076 [Worker-12: Building workspace] INFO  o.e.m.c.i.embedder.EclipseLogger - Copying 0 resource
2019-06-18 21:01:10,077 [Worker-12: Building workspace] INFO  o.e.m.c.i.embedder.EclipseLogger - Using 'UTF-8' encoding to copy filtered resources.
2019-06-18 21:01:10,078 [Worker-12: Building workspace] INFO  o.e.m.c.i.embedder.EclipseLogger - Copying 0 resource
2019-06-18 21:01:11,715 [Worker-13: Building workspace] INFO  o.e.m.c.i.embedder.EclipseLogger - Coping files with filtering to temporary directory.
2019-06-18 21:01:11,715 [Worker-13: Building workspace] INFO  o.e.m.c.i.embedder.EclipseLogger - Using 'UTF-8' encoding to copy filtered resources.
2019-06-18 21:01:11,718 [Worker-13: Building workspace] INFO  o.e.m.c.i.embedder.EclipseLogger - Copying 1 resource
2019-06-18 21:01:11,743 [Worker-13: Building workspace] INFO  o.e.m.c.i.embedder.EclipseLogger - No files needs to be copied to output directory. Up to date: C:\Users\f0fp862\Documents\Graduacao\7 Semestre\Dev na pratica\trabalho final\backend\basico-backend\java\client\src-gen\main\java-templates
2019-06-18 21:01:11,743 [Worker-13: Building workspace] INFO  o.e.m.c.i.embedder.EclipseLogger - Source directory: C:\Users\f0fp862\Documents\Graduacao\7 Semestre\Dev na pratica\trabalho final\backend\basico-backend\java\client\src-gen\main\java-templates added.
2019-06-18 21:01:11,746 [Worker-13: Building workspace] INFO  o.e.m.c.i.embedder.EclipseLogger - Source directory: C:\Users\f0fp862\Documents\Graduacao\7 Semestre\Dev na pratica\trabalho final\backend\basico-backend\java\client\src-gen\main\java added.
2019-06-18 21:01:11,746 [Worker-13: Building workspace] INFO  o.e.m.c.i.embedder.EclipseLogger - Source directory: C:\Users\f0fp862\Documents\Graduacao\7 Semestre\Dev na pratica\trabalho final\backend\basico-backend\java\client\src-gen\main\resources added.
2019-06-18 21:01:11,747 [Worker-13: Building workspace] INFO  o.e.m.c.i.embedder.EclipseLogger - Source directory: C:\Users\f0fp862\Documents\Graduacao\7 Semestre\Dev na pratica\trabalho final\backend\basico-backend\java\client\src\main\resources added.
2019-06-18 21:01:11,747 [Worker-13: Building workspace] INFO  o.e.m.c.i.embedder.EclipseLogger - Source directory: C:\Users\f0fp862\Documents\Graduacao\7 Semestre\Dev na pratica\trabalho final\backend\basico-backend\java\client\src\test\resources added.
2019-06-18 21:01:11,748 [Worker-13: Building workspace] INFO  o.e.m.c.i.embedder.EclipseLogger - Using 'UTF-8' encoding to copy filtered resources.
2019-06-18 21:01:11,749 [Worker-13: Building workspace] INFO  o.e.m.c.i.embedder.EclipseLogger - skip non existing resourceDirectory C:\Users\f0fp862\Documents\Graduacao\7 Semestre\Dev na pratica\trabalho final\backend\basico-backend\java\client\src\main\resources
2019-06-18 21:01:11,749 [Worker-13: Building workspace] INFO  o.e.m.c.i.embedder.EclipseLogger - skip non existing resourceDirectory C:\Users\f0fp862\Documents\Graduacao\7 Semestre\Dev na pratica\trabalho final\backend\basico-backend\java\client\src-gen\main\resources
2019-06-18 21:01:11,749 [Worker-13: Building workspace] INFO  o.e.m.c.i.embedder.EclipseLogger - skip non existing resourceDirectory C:\Users\f0fp862\Documents\Graduacao\7 Semestre\Dev na pratica\trabalho final\backend\basico-backend\java\client\src\main\resources
2019-06-18 21:01:11,749 [Worker-13: Building workspace] INFO  o.e.m.c.i.embedder.EclipseLogger - skip non existing resourceDirectory C:\Users\f0fp862\Documents\Graduacao\7 Semestre\Dev na pratica\trabalho final\backend\basico-backend\java\client\src\test\resources
2019-06-18 21:01:11,750 [Worker-13: Building workspace] INFO  o.e.m.c.i.embedder.EclipseLogger - Using 'UTF-8' encoding to copy filtered resources.
2019-06-18 21:01:11,750 [Worker-13: Building workspace] INFO  o.e.m.c.i.embedder.EclipseLogger - skip non existing resourceDirectory C:\Users\f0fp862\Documents\Graduacao\7 Semestre\Dev na pratica\trabalho final\backend\basico-backend\java\client\src\test\resources
2019-06-18 21:01:11,927 [Worker-13: Building workspace] INFO  o.e.m.c.i.embedder.EclipseLogger - Coping files with filtering to temporary directory.
2019-06-18 21:01:11,928 [Worker-13: Building workspace] INFO  o.e.m.c.i.embedder.EclipseLogger - Using 'UTF-8' encoding to copy filtered resources.
2019-06-18 21:01:11,930 [Worker-13: Building workspace] INFO  o.e.m.c.i.embedder.EclipseLogger - Copying 1 resource
2019-06-18 21:01:11,955 [Worker-13: Building workspace] INFO  o.e.m.c.i.embedder.EclipseLogger - No files needs to be copied to output directory. Up to date: C:\Users\f0fp862\Documents\Graduacao\7 Semestre\Dev na pratica\trabalho final\backend\basico-backend\java\server\src-gen\main\java-templates
2019-06-18 21:01:11,955 [Worker-13: Building workspace] INFO  o.e.m.c.i.embedder.EclipseLogger - Source directory: C:\Users\f0fp862\Documents\Graduacao\7 Semestre\Dev na pratica\trabalho final\backend\basico-backend\java\server\src-gen\main\java-templates added.
2019-06-18 21:01:11,958 [Worker-13: Building workspace] INFO  o.e.m.c.i.embedder.EclipseLogger - Source directory: C:\Users\f0fp862\Documents\Graduacao\7 Semestre\Dev na pratica\trabalho final\backend\basico-backend\java\server\src-gen\main\java added.
2019-06-18 21:01:11,958 [Worker-13: Building workspace] INFO  o.e.m.c.i.embedder.EclipseLogger - Source directory: C:\Users\f0fp862\Documents\Graduacao\7 Semestre\Dev na pratica\trabalho final\backend\basico-backend\java\server\src-gen\main\resources added.
2019-06-18 21:01:11,958 [Worker-13: Building workspace] INFO  o.e.m.c.i.embedder.EclipseLogger - Source directory: C:\Users\f0fp862\Documents\Graduacao\7 Semestre\Dev na pratica\trabalho final\backend\basico-backend\java\server\src\main\resources added.
2019-06-18 21:01:11,958 [Worker-13: Building workspace] INFO  o.e.m.c.i.embedder.EclipseLogger - Source directory: C:\Users\f0fp862\Documents\Graduacao\7 Semestre\Dev na pratica\trabalho final\backend\basico-backend\java\server\src\test\resources added.
2019-06-18 21:01:11,960 [Worker-13: Building workspace] INFO  o.e.m.c.i.embedder.EclipseLogger - Using 'UTF-8' encoding to copy filtered resources.
2019-06-18 21:01:11,963 [Worker-13: Building workspace] INFO  o.e.m.c.i.embedder.EclipseLogger - Copying 0 resource
2019-06-18 21:01:11,970 [Worker-13: Building workspace] INFO  o.e.m.c.i.embedder.EclipseLogger - Copying 14 resources
2019-06-18 21:01:11,974 [Worker-13: Building workspace] INFO  o.e.m.c.i.embedder.EclipseLogger - Copying 0 resource
2019-06-18 21:01:11,975 [Worker-13: Building workspace] INFO  o.e.m.c.i.embedder.EclipseLogger - Copying 0 resource
2019-06-18 21:01:11,976 [Worker-13: Building workspace] INFO  o.e.m.c.i.embedder.EclipseLogger - Using 'UTF-8' encoding to copy filtered resources.
2019-06-18 21:01:11,977 [Worker-13: Building workspace] INFO  o.e.m.c.i.embedder.EclipseLogger - Copying 0 resource
2019-06-18 21:01:12,980 [Worker-13: Building workspace] INFO  o.e.m.c.i.p.WorkspaceClassifierResolverManager - Resolving P/furb-basico-server: br.com.senior.furb:furb-basico-server:develop-SNAPSHOT with classifier  to /furb-basico-server/target/classes
2019-06-18 21:01:13,112 [Worker-13: Building workspace] INFO  o.e.m.c.i.p.WorkspaceClassifierResolverManager - Resolving P/furb-basico-client: br.com.senior.furb:furb-basico-client:develop-SNAPSHOT with classifier  to /furb-basico-client/target/classes
2019-06-18 21:01:13,122 [Worker-13: Building workspace] INFO  o.e.m.c.i.embedder.EclipseLogger - Using 'UTF-8' encoding to copy filtered resources.
2019-06-18 21:01:13,123 [Worker-13: Building workspace] INFO  o.e.m.c.i.embedder.EclipseLogger - Copying 9 resources
2019-06-18 21:01:13,176 [Worker-13: Building workspace] INFO  o.e.m.c.i.embedder.EclipseLogger - Using 'UTF-8' encoding to copy filtered resources.
2019-06-18 21:01:13,176 [Worker-13: Building workspace] INFO  o.e.m.c.i.embedder.EclipseLogger - skip non existing resourceDirectory C:\Users\f0fp862\Documents\Graduacao\7 Semestre\Dev na pratica\trabalho final\backend\basico-backend\java\impl\src\test\resources
2019-06-18 21:01:53,470 [Worker-5: Loading available Gradle versions] INFO  o.e.b.c.i.u.g.PublishedGradleVersions - Gradle version information cache is up-to-date. Trying to read.
2019-06-18 21:01:56,562 [Worker-4: reload maven project] INFO  o.e.m.c.i.p.WorkspaceClassifierResolverManager - Resolving P/furb-basico-client: br.com.senior.furb:furb-basico-client:develop-SNAPSHOT with classifier  to /furb-basico-client/target/classes
2019-06-18 21:02:13,252 [Worker-6: Updating Maven Project] INFO  o.e.m.c.i.p.ProjectConfigurationManager - Update started
2019-06-18 21:02:13,728 [Worker-6: Updating Maven Project] INFO  o.e.m.c.i.l.LifecycleMappingFactory - Using NULL lifecycle mapping for MavenProject: br.com.senior:furb-basico:1.0.0 @ C:\Users\f0fp862\Documents\Graduacao\7 Semestre\Dev na pratica\trabalho final\backend\basico-backend\pom.xml.
2019-06-18 21:02:14,355 [Worker-6: Updating Maven Project] INFO  o.e.m.c.i.l.LifecycleMappingFactory - Using org.eclipse.m2e.jdt.JarLifecycleMapping lifecycle mapping for MavenProject: br.com.senior.furb:furb-basico-client:develop-SNAPSHOT @ C:\Users\f0fp862\Documents\Graduacao\7 Semestre\Dev na pratica\trabalho final\backend\basico-backend\java\client\pom.xml.
2019-06-18 21:02:15,225 [Worker-6: Updating Maven Project] INFO  o.e.m.c.i.l.LifecycleMappingFactory - Using org.eclipse.m2e.jdt.JarLifecycleMapping lifecycle mapping for MavenProject: br.com.senior.furb:furb-basico-impl:develop-SNAPSHOT @ C:\Users\f0fp862\Documents\Graduacao\7 Semestre\Dev na pratica\trabalho final\backend\basico-backend\java\impl\pom.xml.
2019-06-18 21:02:15,521 [Worker-6: Updating Maven Project] INFO  o.e.m.c.i.p.WorkspaceClassifierResolverManager - Resolving P/furb-basico-server: br.com.senior.furb:furb-basico-server:develop-SNAPSHOT with classifier  to /furb-basico-server/target/classes
2019-06-18 21:02:15,635 [Worker-6: Updating Maven Project] INFO  o.e.m.c.i.p.WorkspaceClassifierResolverManager - Resolving P/furb-basico-client: br.com.senior.furb:furb-basico-client:develop-SNAPSHOT with classifier  to /furb-basico-client/target/classes
2019-06-18 21:02:15,719 [Worker-6: Updating Maven Project] INFO  o.e.m.c.i.l.LifecycleMappingFactory - Using org.eclipse.m2e.jdt.JarLifecycleMapping lifecycle mapping for MavenProject: br.com.senior.furb:furb-basico-server:develop-SNAPSHOT @ C:\Users\f0fp862\Documents\Graduacao\7 Semestre\Dev na pratica\trabalho final\backend\basico-backend\java\server\pom.xml.
2019-06-18 21:02:15,834 [Worker-6: Updating Maven Project] INFO  o.e.m.c.i.p.WorkspaceClassifierResolverManager - Resolving P/furb-basico-client: br.com.senior.furb:furb-basico-client:develop-SNAPSHOT with classifier  to /furb-basico-client/target/classes
2019-06-18 21:02:16,997 [Worker-6: Updating Maven Project] INFO  o.e.m.c.i.embedder.EclipseLogger - Coping files with filtering to temporary directory.
2019-06-18 21:02:17,003 [Worker-6: Updating Maven Project] INFO  o.e.m.c.i.embedder.EclipseLogger - Using 'UTF-8' encoding to copy filtered resources.
2019-06-18 21:02:17,005 [Worker-6: Updating Maven Project] INFO  o.e.m.c.i.embedder.EclipseLogger - Copying 0 resource
2019-06-18 21:02:17,015 [Worker-6: Updating Maven Project] INFO  o.e.m.c.i.embedder.EclipseLogger - No files needs to be copied to output directory. Up to date: C:\Users\f0fp862\Documents\Graduacao\7 Semestre\Dev na pratica\trabalho final\backend\basico-backend\java\client\src-gen\main\java-templates
2019-06-18 21:02:17,016 [Worker-6: Updating Maven Project] INFO  o.e.m.c.i.embedder.EclipseLogger - Source directory: C:\Users\f0fp862\Documents\Graduacao\7 Semestre\Dev na pratica\trabalho final\backend\basico-backend\java\client\src-gen\main\java-templates added.
2019-06-18 21:02:17,298 [Worker-6: Updating Maven Project] INFO  o.e.m.c.i.embedder.EclipseLogger - Source directory: C:\Users\f0fp862\Documents\Graduacao\7 Semestre\Dev na pratica\trabalho final\backend\basico-backend\java\client\src-gen\main\java added.
2019-06-18 21:02:17,299 [Worker-6: Updating Maven Project] INFO  o.e.m.c.i.embedder.EclipseLogger - Source directory: C:\Users\f0fp862\Documents\Graduacao\7 Semestre\Dev na pratica\trabalho final\backend\basico-backend\java\client\src-gen\main\resources added.
2019-06-18 21:02:17,299 [Worker-6: Updating Maven Project] INFO  o.e.m.c.i.embedder.EclipseLogger - Source directory: C:\Users\f0fp862\Documents\Graduacao\7 Semestre\Dev na pratica\trabalho final\backend\basico-backend\java\client\src\main\resources added.
2019-06-18 21:02:17,299 [Worker-6: Updating Maven Project] INFO  o.e.m.c.i.embedder.EclipseLogger - Source directory: C:\Users\f0fp862\Documents\Graduacao\7 Semestre\Dev na pratica\trabalho final\backend\basico-backend\java\client\src\test\resources added.
2019-06-18 21:02:17,412 [Worker-6: Updating Maven Project] INFO  o.e.m.j.i.AbstractJavaProjectConfigurator - Adding source folder /furb-basico-client/src/main/java
2019-06-18 21:02:17,413 [Worker-6: Updating Maven Project] INFO  o.e.m.j.i.AbstractJavaProjectConfigurator - Adding source folder /furb-basico-client/src-gen/main/java-templates
2019-06-18 21:02:17,415 [Worker-6: Updating Maven Project] INFO  o.e.m.j.i.AbstractJavaProjectConfigurator - Adding source folder /furb-basico-client/src-gen/main/java
2019-06-18 21:02:17,415 [Worker-6: Updating Maven Project] INFO  o.e.m.j.i.AbstractJavaProjectConfigurator - Adding source folder /furb-basico-client/src-gen/main/resources
2019-06-18 21:02:17,415 [Worker-6: Updating Maven Project] INFO  o.e.m.j.i.AbstractJavaProjectConfigurator - Adding source folder /furb-basico-client/src/main/resources
2019-06-18 21:02:17,416 [Worker-6: Updating Maven Project] INFO  o.e.m.j.i.AbstractJavaProjectConfigurator - Adding source folder /furb-basico-client/src/test/resources
2019-06-18 21:02:17,417 [Worker-6: Updating Maven Project] INFO  o.e.m.j.i.AbstractJavaProjectConfigurator - Adding source folder /furb-basico-client/src/test/java
2019-06-18 21:02:17,969 [Worker-6: Updating Maven Project] INFO  o.e.m.j.i.AbstractJavaProjectConfigurator - Adding source folder /furb-basico-impl/src/main/java
2019-06-18 21:02:17,969 [Worker-6: Updating Maven Project] INFO  o.e.m.j.i.AbstractJavaProjectConfigurator - Adding resource folder /furb-basico-impl/src/main/resources
2019-06-18 21:02:17,970 [Worker-6: Updating Maven Project] INFO  o.e.m.j.i.AbstractJavaProjectConfigurator - Adding source folder /furb-basico-impl/src/test/java
2019-06-18 21:02:18,697 [Worker-6: Updating Maven Project] INFO  o.e.m.c.i.embedder.EclipseLogger - Coping files with filtering to temporary directory.
2019-06-18 21:02:18,698 [Worker-6: Updating Maven Project] INFO  o.e.m.c.i.embedder.EclipseLogger - Using 'UTF-8' encoding to copy filtered resources.
2019-06-18 21:02:18,703 [Worker-6: Updating Maven Project] INFO  o.e.m.c.i.embedder.EclipseLogger - Copying 0 resource
2019-06-18 21:02:18,705 [Worker-6: Updating Maven Project] INFO  o.e.m.c.i.embedder.EclipseLogger - No files needs to be copied to output directory. Up to date: C:\Users\f0fp862\Documents\Graduacao\7 Semestre\Dev na pratica\trabalho final\backend\basico-backend\java\server\src-gen\main\java-templates
2019-06-18 21:02:18,705 [Worker-6: Updating Maven Project] INFO  o.e.m.c.i.embedder.EclipseLogger - Source directory: C:\Users\f0fp862\Documents\Graduacao\7 Semestre\Dev na pratica\trabalho final\backend\basico-backend\java\server\src-gen\main\java-templates added.
2019-06-18 21:02:18,708 [Worker-6: Updating Maven Project] INFO  o.e.m.c.i.embedder.EclipseLogger - Source directory: C:\Users\f0fp862\Documents\Graduacao\7 Semestre\Dev na pratica\trabalho final\backend\basico-backend\java\server\src-gen\main\java added.
2019-06-18 21:02:18,709 [Worker-6: Updating Maven Project] INFO  o.e.m.c.i.embedder.EclipseLogger - Source directory: C:\Users\f0fp862\Documents\Graduacao\7 Semestre\Dev na pratica\trabalho final\backend\basico-backend\java\server\src-gen\main\resources added.
2019-06-18 21:02:18,709 [Worker-6: Updating Maven Project] INFO  o.e.m.c.i.embedder.EclipseLogger - Source directory: C:\Users\f0fp862\Documents\Graduacao\7 Semestre\Dev na pratica\trabalho final\backend\basico-backend\java\server\src\main\resources added.
2019-06-18 21:02:18,710 [Worker-6: Updating Maven Project] INFO  o.e.m.c.i.embedder.EclipseLogger - Source directory: C:\Users\f0fp862\Documents\Graduacao\7 Semestre\Dev na pratica\trabalho final\backend\basico-backend\java\server\src\test\resources added.
2019-06-18 21:02:18,953 [Worker-6: Updating Maven Project] INFO  o.e.m.c.i.p.WorkspaceClassifierResolverManager - Resolving P/furb-basico-client: br.com.senior.furb:furb-basico-client:develop-SNAPSHOT with classifier  to /furb-basico-client/target/classes
2019-06-18 21:02:19,102 [Worker-6: Updating Maven Project] INFO  o.e.m.j.i.AbstractJavaProjectConfigurator - Adding source folder /furb-basico-server/src/main/java
2019-06-18 21:02:19,102 [Worker-6: Updating Maven Project] INFO  o.e.m.j.i.AbstractJavaProjectConfigurator - Adding source folder /furb-basico-server/src-gen/main/java-templates
2019-06-18 21:02:19,103 [Worker-6: Updating Maven Project] INFO  o.e.m.j.i.AbstractJavaProjectConfigurator - Adding source folder /furb-basico-server/src-gen/main/java
2019-06-18 21:02:19,103 [Worker-6: Updating Maven Project] INFO  o.e.m.j.i.AbstractJavaProjectConfigurator - Adding source folder /furb-basico-server/src-gen/main/resources
2019-06-18 21:02:19,104 [Worker-6: Updating Maven Project] INFO  o.e.m.j.i.AbstractJavaProjectConfigurator - Adding source folder /furb-basico-server/src/main/resources
2019-06-18 21:02:19,104 [Worker-6: Updating Maven Project] INFO  o.e.m.j.i.AbstractJavaProjectConfigurator - Adding source folder /furb-basico-server/src/test/resources
2019-06-18 21:02:19,104 [Worker-6: Updating Maven Project] INFO  o.e.m.j.i.AbstractJavaProjectConfigurator - Adding source folder /furb-basico-server/target/generated-sources/java
2019-06-18 21:02:19,104 [Worker-6: Updating Maven Project] INFO  o.e.m.j.i.AbstractJavaProjectConfigurator - Resources folder /furb-basico-server/src/main/resources overlaps with sources folder /furb-basico-server/src/main/resources
2019-06-18 21:02:19,105 [Worker-6: Updating Maven Project] INFO  o.e.m.j.i.AbstractJavaProjectConfigurator - Resources folder /furb-basico-server/src-gen/main/resources overlaps with sources folder /furb-basico-server/src-gen/main/resources
2019-06-18 21:02:19,105 [Worker-6: Updating Maven Project] INFO  o.e.m.j.i.AbstractJavaProjectConfigurator - Resources folder /furb-basico-server/src/main/resources overlaps with sources folder /furb-basico-server/src/main/resources
2019-06-18 21:02:19,105 [Worker-6: Updating Maven Project] INFO  o.e.m.j.i.AbstractJavaProjectConfigurator - Resources folder /furb-basico-server/src/test/resources overlaps with sources folder /furb-basico-server/src/test/resources
2019-06-18 21:02:19,106 [Worker-6: Updating Maven Project] INFO  o.e.m.j.i.AbstractJavaProjectConfigurator - Adding source folder /furb-basico-server/src/test/java
2019-06-18 21:02:19,106 [Worker-6: Updating Maven Project] INFO  o.e.m.j.i.AbstractJavaProjectConfigurator - Resources folder /furb-basico-server/src/test/resources overlaps with sources folder /furb-basico-server/src/test/resources
2019-06-18 21:02:22,079 [Worker-6: Updating Maven Project] INFO  o.e.m.c.i.l.LifecycleMappingFactory - Using org.eclipse.m2e.jdt.JarLifecycleMapping lifecycle mapping for MavenProject: br.com.senior.furb:furb-basico-impl:develop-SNAPSHOT @ C:\Users\f0fp862\Documents\Graduacao\7 Semestre\Dev na pratica\trabalho final\backend\basico-backend\java\impl\pom.xml.
2019-06-18 21:02:22,093 [Worker-6: Updating Maven Project] INFO  o.e.m.c.i.p.WorkspaceClassifierResolverManager - Resolving P/furb-basico-server: br.com.senior.furb:furb-basico-server:develop-SNAPSHOT with classifier  to /furb-basico-server/target/classes
2019-06-18 21:02:22,392 [Worker-6: Updating Maven Project] INFO  o.e.m.c.i.e.AbstractTransferListenerAdapter - Downloaded http://maven.senior.com.br:8081/artifactory/libs-snapshot/br/com/senior/furb/furb-basico-client/develop-SNAPSHOT/maven-metadata.xml
2019-06-18 21:02:22,394 [Worker-6: Updating Maven Project] WARN  o.e.m.c.i.embedder.EclipseLogger - Could not transfer metadata br.com.senior.furb:furb-basico-client:develop-SNAPSHOT/maven-metadata.xml from/to snapshots (http://maven.senior.com.br:8081/artifactory/libs-snapshot): maven.senior.com.br
2019-06-18 21:02:22,419 [Worker-6: Updating Maven Project] INFO  o.e.m.c.i.e.AbstractTransferListenerAdapter - Downloaded http://maven.senior.com.br:8081/artifactory/libs-snapshot/br/com/senior/furb/furb-basico-client/develop-SNAPSHOT/furb-basico-client-develop-SNAPSHOT.jar
2019-06-18 21:02:22,490 [Worker-6: Updating Maven Project] INFO  o.e.m.c.i.l.LifecycleMappingFactory - Using org.eclipse.m2e.jdt.JarLifecycleMapping lifecycle mapping for MavenProject: br.com.senior.furb:furb-basico-server:develop-SNAPSHOT @ C:\Users\f0fp862\Documents\Graduacao\7 Semestre\Dev na pratica\trabalho final\backend\basico-backend\java\server\pom.xml.
2019-06-18 21:02:24,571 [Worker-6: Updating Maven Project] INFO  o.e.m.c.i.p.ProjectConfigurationManager - Update completed: 11 sec
2019-06-18 21:02:26,828 [Worker-16: Building workspace] INFO  o.e.m.c.i.l.LifecycleMappingFactory - Using NULL lifecycle mapping for MavenProject: br.com.senior:furb-basico:1.0.0 @ C:\Users\f0fp862\Documents\Graduacao\7 Semestre\Dev na pratica\trabalho final\backend\basico-backend\pom.xml.
2019-06-18 21:02:27,587 [Worker-16: Building workspace] INFO  o.e.m.c.i.l.LifecycleMappingFactory - Using org.eclipse.m2e.jdt.JarLifecycleMapping lifecycle mapping for MavenProject: br.com.senior.furb:furb-basico-client:develop-SNAPSHOT @ C:\Users\f0fp862\Documents\Graduacao\7 Semestre\Dev na pratica\trabalho final\backend\basico-backend\java\client\pom.xml.
2019-06-18 21:02:28,735 [Worker-16: Building workspace] INFO  o.e.m.c.i.l.LifecycleMappingFactory - Using org.eclipse.m2e.jdt.JarLifecycleMapping lifecycle mapping for MavenProject: br.com.senior.furb:furb-basico-impl:develop-SNAPSHOT @ C:\Users\f0fp862\Documents\Graduacao\7 Semestre\Dev na pratica\trabalho final\backend\basico-backend\java\impl\pom.xml.
2019-06-18 21:02:29,087 [Worker-16: Building workspace] INFO  o.e.m.c.i.p.WorkspaceClassifierResolverManager - Resolving P/furb-basico-server: br.com.senior.furb:furb-basico-server:develop-SNAPSHOT with classifier  to /furb-basico-server/target/classes
2019-06-18 21:02:29,240 [Worker-16: Building workspace] INFO  o.e.m.c.i.p.WorkspaceClassifierResolverManager - Resolving P/furb-basico-client: br.com.senior.furb:furb-basico-client:develop-SNAPSHOT with classifier  to /furb-basico-client/target/classes
2019-06-18 21:02:29,339 [Worker-16: Building workspace] INFO  o.e.m.c.i.l.LifecycleMappingFactory - Using org.eclipse.m2e.jdt.JarLifecycleMapping lifecycle mapping for MavenProject: br.com.senior.furb:furb-basico-server:develop-SNAPSHOT @ C:\Users\f0fp862\Documents\Graduacao\7 Semestre\Dev na pratica\trabalho final\backend\basico-backend\java\server\pom.xml.
2019-06-18 21:02:29,482 [Worker-16: Building workspace] INFO  o.e.m.c.i.p.WorkspaceClassifierResolverManager - Resolving P/furb-basico-client: br.com.senior.furb:furb-basico-client:develop-SNAPSHOT with classifier  to /furb-basico-client/target/classes
2019-06-18 21:02:30,696 [Worker-16: Building workspace] INFO  o.e.m.c.i.embedder.EclipseLogger - Coping files with filtering to temporary directory.
2019-06-18 21:02:30,701 [Worker-16: Building workspace] INFO  o.e.m.c.i.embedder.EclipseLogger - Using 'UTF-8' encoding to copy filtered resources.
2019-06-18 21:02:30,706 [Worker-16: Building workspace] INFO  o.e.m.c.i.embedder.EclipseLogger - Copying 1 resource
2019-06-18 21:02:30,759 [Worker-16: Building workspace] INFO  o.e.m.c.i.embedder.EclipseLogger - Copied 1 files to output directory: C:\Users\f0fp862\Documents\Graduacao\7 Semestre\Dev na pratica\trabalho final\backend\basico-backend\java\client\src-gen\main\java-templates
2019-06-18 21:02:30,760 [Worker-16: Building workspace] INFO  o.e.m.c.i.embedder.EclipseLogger - Source directory: C:\Users\f0fp862\Documents\Graduacao\7 Semestre\Dev na pratica\trabalho final\backend\basico-backend\java\client\src-gen\main\java-templates added.
2019-06-18 21:02:30,993 [Worker-16: Building workspace] INFO  o.e.m.c.i.embedder.EclipseLogger - Source directory: C:\Users\f0fp862\Documents\Graduacao\7 Semestre\Dev na pratica\trabalho final\backend\basico-backend\java\client\src-gen\main\java added.
2019-06-18 21:02:30,993 [Worker-16: Building workspace] INFO  o.e.m.c.i.embedder.EclipseLogger - Source directory: C:\Users\f0fp862\Documents\Graduacao\7 Semestre\Dev na pratica\trabalho final\backend\basico-backend\java\client\src-gen\main\resources added.
2019-06-18 21:02:30,993 [Worker-16: Building workspace] INFO  o.e.m.c.i.embedder.EclipseLogger - Source directory: C:\Users\f0fp862\Documents\Graduacao\7 Semestre\Dev na pratica\trabalho final\backend\basico-backend\java\client\src\main\resources added.
2019-06-18 21:02:30,993 [Worker-16: Building workspace] INFO  o.e.m.c.i.embedder.EclipseLogger - Source directory: C:\Users\f0fp862\Documents\Graduacao\7 Semestre\Dev na pratica\trabalho final\backend\basico-backend\java\client\src\test\resources added.
2019-06-18 21:02:31,160 [Worker-16: Building workspace] INFO  o.e.m.c.i.embedder.EclipseLogger - Using 'UTF-8' encoding to copy filtered resources.
2019-06-18 21:02:31,161 [Worker-16: Building workspace] INFO  o.e.m.c.i.embedder.EclipseLogger - skip non existing resourceDirectory C:\Users\f0fp862\Documents\Graduacao\7 Semestre\Dev na pratica\trabalho final\backend\basico-backend\java\client\src\main\resources
2019-06-18 21:02:31,161 [Worker-16: Building workspace] INFO  o.e.m.c.i.embedder.EclipseLogger - skip non existing resourceDirectory C:\Users\f0fp862\Documents\Graduacao\7 Semestre\Dev na pratica\trabalho final\backend\basico-backend\java\client\src-gen\main\resources
2019-06-18 21:02:31,161 [Worker-16: Building workspace] INFO  o.e.m.c.i.embedder.EclipseLogger - skip non existing resourceDirectory C:\Users\f0fp862\Documents\Graduacao\7 Semestre\Dev na pratica\trabalho final\backend\basico-backend\java\client\src\main\resources
2019-06-18 21:02:31,161 [Worker-16: Building workspace] INFO  o.e.m.c.i.embedder.EclipseLogger - skip non existing resourceDirectory C:\Users\f0fp862\Documents\Graduacao\7 Semestre\Dev na pratica\trabalho final\backend\basico-backend\java\client\src\test\resources
2019-06-18 21:02:31,163 [Worker-16: Building workspace] INFO  o.e.m.c.i.embedder.EclipseLogger - Using 'UTF-8' encoding to copy filtered resources.
2019-06-18 21:02:31,163 [Worker-16: Building workspace] INFO  o.e.m.c.i.embedder.EclipseLogger - skip non existing resourceDirectory C:\Users\f0fp862\Documents\Graduacao\7 Semestre\Dev na pratica\trabalho final\backend\basico-backend\java\client\src\test\resources
2019-06-18 21:02:32,811 [Worker-16: Building workspace] INFO  o.e.m.c.i.p.WorkspaceClassifierResolverManager - Resolving P/furb-basico-client: br.com.senior.furb:furb-basico-client:develop-SNAPSHOT with classifier  to /furb-basico-client/target/classes
2019-06-18 21:02:32,819 [Worker-16: Building workspace] INFO  o.e.m.c.i.embedder.EclipseLogger - Coping files with filtering to temporary directory.
2019-06-18 21:02:32,819 [Worker-16: Building workspace] INFO  o.e.m.c.i.embedder.EclipseLogger - Using 'UTF-8' encoding to copy filtered resources.
2019-06-18 21:02:32,820 [Worker-16: Building workspace] INFO  o.e.m.c.i.embedder.EclipseLogger - Copying 1 resource
2019-06-18 21:02:32,851 [Worker-16: Building workspace] INFO  o.e.m.c.i.embedder.EclipseLogger - Copied 1 files to output directory: C:\Users\f0fp862\Documents\Graduacao\7 Semestre\Dev na pratica\trabalho final\backend\basico-backend\java\server\src-gen\main\java-templates
2019-06-18 21:02:32,851 [Worker-16: Building workspace] INFO  o.e.m.c.i.embedder.EclipseLogger - Source directory: C:\Users\f0fp862\Documents\Graduacao\7 Semestre\Dev na pratica\trabalho final\backend\basico-backend\java\server\src-gen\main\java-templates added.
2019-06-18 21:02:32,853 [Worker-16: Building workspace] INFO  o.e.m.c.i.embedder.EclipseLogger - Source directory: C:\Users\f0fp862\Documents\Graduacao\7 Semestre\Dev na pratica\trabalho final\backend\basico-backend\java\server\src-gen\main\java added.
2019-06-18 21:02:32,853 [Worker-16: Building workspace] INFO  o.e.m.c.i.embedder.EclipseLogger - Source directory: C:\Users\f0fp862\Documents\Graduacao\7 Semestre\Dev na pratica\trabalho final\backend\basico-backend\java\server\src-gen\main\resources added.
2019-06-18 21:02:32,854 [Worker-16: Building workspace] INFO  o.e.m.c.i.embedder.EclipseLogger - Source directory: C:\Users\f0fp862\Documents\Graduacao\7 Semestre\Dev na pratica\trabalho final\backend\basico-backend\java\server\src\main\resources added.
2019-06-18 21:02:32,854 [Worker-16: Building workspace] INFO  o.e.m.c.i.embedder.EclipseLogger - Source directory: C:\Users\f0fp862\Documents\Graduacao\7 Semestre\Dev na pratica\trabalho final\backend\basico-backend\java\server\src\test\resources added.
2019-06-18 21:02:34,882 [Worker-16: Building workspace] INFO  o.e.m.c.i.embedder.EclipseLogger - Using 'UTF-8' encoding to copy filtered resources.
2019-06-18 21:02:34,883 [Worker-16: Building workspace] INFO  o.e.m.c.i.embedder.EclipseLogger - Copying 0 resource
2019-06-18 21:02:34,883 [Worker-16: Building workspace] INFO  o.e.m.c.i.embedder.EclipseLogger - Copying 14 resources
2019-06-18 21:02:34,945 [Worker-16: Building workspace] INFO  o.e.m.c.i.embedder.EclipseLogger - Copying 0 resource
2019-06-18 21:02:34,946 [Worker-16: Building workspace] INFO  o.e.m.c.i.embedder.EclipseLogger - Copying 0 resource
2019-06-18 21:02:34,947 [Worker-16: Building workspace] INFO  o.e.m.c.i.embedder.EclipseLogger - Using 'UTF-8' encoding to copy filtered resources.
2019-06-18 21:02:34,947 [Worker-16: Building workspace] INFO  o.e.m.c.i.embedder.EclipseLogger - Copying 0 resource
2019-06-18 21:02:36,742 [Worker-14: Building workspace] INFO  o.e.m.c.i.embedder.EclipseLogger - Coping files with filtering to temporary directory.
2019-06-18 21:02:36,742 [Worker-14: Building workspace] INFO  o.e.m.c.i.embedder.EclipseLogger - Using 'UTF-8' encoding to copy filtered resources.
2019-06-18 21:02:36,746 [Worker-14: Building workspace] INFO  o.e.m.c.i.embedder.EclipseLogger - Copying 1 resource
2019-06-18 21:02:36,773 [Worker-14: Building workspace] INFO  o.e.m.c.i.embedder.EclipseLogger - No files needs to be copied to output directory. Up to date: C:\Users\f0fp862\Documents\Graduacao\7 Semestre\Dev na pratica\trabalho final\backend\basico-backend\java\client\src-gen\main\java-templates
2019-06-18 21:02:36,774 [Worker-14: Building workspace] INFO  o.e.m.c.i.embedder.EclipseLogger - Source directory: C:\Users\f0fp862\Documents\Graduacao\7 Semestre\Dev na pratica\trabalho final\backend\basico-backend\java\client\src-gen\main\java-templates added.
2019-06-18 21:02:36,779 [Worker-14: Building workspace] INFO  o.e.m.c.i.embedder.EclipseLogger - Source directory: C:\Users\f0fp862\Documents\Graduacao\7 Semestre\Dev na pratica\trabalho final\backend\basico-backend\java\client\src-gen\main\java added.
2019-06-18 21:02:36,779 [Worker-14: Building workspace] INFO  o.e.m.c.i.embedder.EclipseLogger - Source directory: C:\Users\f0fp862\Documents\Graduacao\7 Semestre\Dev na pratica\trabalho final\backend\basico-backend\java\client\src-gen\main\resources added.
2019-06-18 21:02:36,779 [Worker-14: Building workspace] INFO  o.e.m.c.i.embedder.EclipseLogger - Source directory: C:\Users\f0fp862\Documents\Graduacao\7 Semestre\Dev na pratica\trabalho final\backend\basico-backend\java\client\src\main\resources added.
2019-06-18 21:02:36,779 [Worker-14: Building workspace] INFO  o.e.m.c.i.embedder.EclipseLogger - Source directory: C:\Users\f0fp862\Documents\Graduacao\7 Semestre\Dev na pratica\trabalho final\backend\basico-backend\java\client\src\test\resources added.
2019-06-18 21:02:36,781 [Worker-14: Building workspace] INFO  o.e.m.c.i.embedder.EclipseLogger - Using 'UTF-8' encoding to copy filtered resources.
2019-06-18 21:02:36,781 [Worker-14: Building workspace] INFO  o.e.m.c.i.embedder.EclipseLogger - skip non existing resourceDirectory C:\Users\f0fp862\Documents\Graduacao\7 Semestre\Dev na pratica\trabalho final\backend\basico-backend\java\client\src\main\resources
2019-06-18 21:02:36,782 [Worker-14: Building workspace] INFO  o.e.m.c.i.embedder.EclipseLogger - skip non existing resourceDirectory C:\Users\f0fp862\Documents\Graduacao\7 Semestre\Dev na pratica\trabalho final\backend\basico-backend\java\client\src-gen\main\resources
2019-06-18 21:02:36,782 [Worker-14: Building workspace] INFO  o.e.m.c.i.embedder.EclipseLogger - skip non existing resourceDirectory C:\Users\f0fp862\Documents\Graduacao\7 Semestre\Dev na pratica\trabalho final\backend\basico-backend\java\client\src\main\resources
2019-06-18 21:02:36,782 [Worker-14: Building workspace] INFO  o.e.m.c.i.embedder.EclipseLogger - skip non existing resourceDirectory C:\Users\f0fp862\Documents\Graduacao\7 Semestre\Dev na pratica\trabalho final\backend\basico-backend\java\client\src\test\resources
2019-06-18 21:02:36,783 [Worker-14: Building workspace] INFO  o.e.m.c.i.embedder.EclipseLogger - Using 'UTF-8' encoding to copy filtered resources.
2019-06-18 21:02:36,783 [Worker-14: Building workspace] INFO  o.e.m.c.i.embedder.EclipseLogger - skip non existing resourceDirectory C:\Users\f0fp862\Documents\Graduacao\7 Semestre\Dev na pratica\trabalho final\backend\basico-backend\java\client\src\test\resources
2019-06-18 21:02:37,003 [Worker-14: Building workspace] INFO  o.e.m.c.i.embedder.EclipseLogger - Coping files with filtering to temporary directory.
2019-06-18 21:02:37,004 [Worker-14: Building workspace] INFO  o.e.m.c.i.embedder.EclipseLogger - Using 'UTF-8' encoding to copy filtered resources.
2019-06-18 21:02:37,006 [Worker-14: Building workspace] INFO  o.e.m.c.i.embedder.EclipseLogger - Copying 1 resource
2019-06-18 21:02:37,046 [Worker-14: Building workspace] INFO  o.e.m.c.i.embedder.EclipseLogger - No files needs to be copied to output directory. Up to date: C:\Users\f0fp862\Documents\Graduacao\7 Semestre\Dev na pratica\trabalho final\backend\basico-backend\java\server\src-gen\main\java-templates
2019-06-18 21:02:37,046 [Worker-14: Building workspace] INFO  o.e.m.c.i.embedder.EclipseLogger - Source directory: C:\Users\f0fp862\Documents\Graduacao\7 Semestre\Dev na pratica\trabalho final\backend\basico-backend\java\server\src-gen\main\java-templates added.
2019-06-18 21:02:37,049 [Worker-14: Building workspace] INFO  o.e.m.c.i.embedder.EclipseLogger - Source directory: C:\Users\f0fp862\Documents\Graduacao\7 Semestre\Dev na pratica\trabalho final\backend\basico-backend\java\server\src-gen\main\java added.
2019-06-18 21:02:37,050 [Worker-14: Building workspace] INFO  o.e.m.c.i.embedder.EclipseLogger - Source directory: C:\Users\f0fp862\Documents\Graduacao\7 Semestre\Dev na pratica\trabalho final\backend\basico-backend\java\server\src-gen\main\resources added.
2019-06-18 21:02:37,050 [Worker-14: Building workspace] INFO  o.e.m.c.i.embedder.EclipseLogger - Source directory: C:\Users\f0fp862\Documents\Graduacao\7 Semestre\Dev na pratica\trabalho final\backend\basico-backend\java\server\src\main\resources added.
2019-06-18 21:02:37,050 [Worker-14: Building workspace] INFO  o.e.m.c.i.embedder.EclipseLogger - Source directory: C:\Users\f0fp862\Documents\Graduacao\7 Semestre\Dev na pratica\trabalho final\backend\basico-backend\java\server\src\test\resources added.
2019-06-18 21:02:37,054 [Worker-14: Building workspace] INFO  o.e.m.c.i.embedder.EclipseLogger - Using 'UTF-8' encoding to copy filtered resources.
2019-06-18 21:02:37,056 [Worker-14: Building workspace] INFO  o.e.m.c.i.embedder.EclipseLogger - Copying 0 resource
2019-06-18 21:02:37,074 [Worker-14: Building workspace] INFO  o.e.m.c.i.embedder.EclipseLogger - Copying 14 resources
